[DEBUG] 2023-05-29 12:12:31.162 --> < , line:0 >   FT_New_Face failed with index 0 : 2 
[DEBUG] 2023-05-29 12:12:31.163 --> < , line:0 >   FT_New_Face failed with index 0 : 2 
[DEBUG] 2023-05-29 12:12:31.164 --> < , line:0 >   "execCommand : echo $LANG" 
[WARN] 2023-05-29 12:12:31.181 --> < , line:0 >   QFontDatabase: Cannot find font directory /usr/local/qt5.6.3/lib/fonts - is Qt installed correctly? 
[INFO] 2023-05-29 12:12:31.184 --> < QMvsMainWindow.cpp, line:129 >   Open MVS 
[ERROR] 2023-05-29 12:12:31.185 --> < CommonInterface.cpp, line:477 >   loadFavoritesXml failed. 
[INFO] 2023-05-29 12:12:31.215 --> < QEnumMngThread.cpp, line:259 >   "Begin Enum Devices : CameraType(1)" 
[DEBUG] 2023-05-29 12:12:31.216 --> < , line:0 >   "execCommand : route -n | grep wlan0" 
[INFO] 2023-05-29 12:12:31.220 --> < QEnumMngThread.cpp, line:259 >   "Begin Enum Devices : CameraType(4)" 
[DEBUG] 2023-05-29 12:12:31.230 --> < , line:0 >   "execCommand : route -n | grep ztr2qrkiag" 
[INFO] 2023-05-29 12:12:31.231 --> < QEnumMngThread.cpp, line:589 >   "MV_CC_EnumDevices Number: 1" 
[INFO] 2023-05-29 12:12:31.231 --> < QEnumMngThread.cpp, line:697 >   "[U3V](chSerialNumber[L39875974])" 
[INFO] 2023-05-29 12:12:31.231 --> < QEnumMngThread.cpp, line:161 >   "Add Device: SerialNum USB:L39875974    to   ID 1" 
[INFO] 2023-05-29 12:12:31.232 --> < QEnumMngThread.cpp, line:278 >   "End Enum Devices : CameraType(4)" 
[DEBUG] 2023-05-29 12:12:31.235 --> < , line:0 >   "execCommand : route -n | grep docker0" 
[INFO] 2023-05-29 12:12:31.240 --> < QEnumMngThread.cpp, line:74 >   "Add NetWork wlan0[192.168.0.114](64:79:F0:37:5E:74)  to   ID 1" 
[INFO] 2023-05-29 12:12:31.240 --> < QEnumMngThread.cpp, line:74 >   "Add NetWork ztr2qrkiag[10.242.195.95](F2:8D:38:1D:7C:0E)  to   ID 2" 
[INFO] 2023-05-29 12:12:31.240 --> < QEnumMngThread.cpp, line:74 >   "Add NetWork docker0[172.17.0.1](02:42:4E:E2:0B:0E)  to   ID 3" 
[INFO] 2023-05-29 12:12:31.341 --> < QEnumMngThread.cpp, line:589 >   "MV_CC_EnumDevices Number: 0" 
[INFO] 2023-05-29 12:12:31.342 --> < QEnumMngThread.cpp, line:278 >   "End Enum Devices : CameraType(1)" 
[WARN] 2023-05-29 12:12:31.420 --> < , line:0 >   QLayout: Cannot add a null widget to QVBoxLayout/ 
[INFO] 2023-05-29 12:12:31.424 --> < MVSMultiRenderWidget.cpp, line:314 >   "Add The Render Widget Into Ceil [Camera ID : -1]" 
[DEBUG] 2023-05-29 12:12:31.489 --> < QMvsMainWindow.cpp, line:238 >   /opt/MVS/bin/MVS 
[INFO] 2023-05-29 12:12:31.490 --> < MVSDeviceTree.cpp, line:691 >   "CameraName:MV-CS016-10UC (L39875974)   To   CameraID:1" 
[INFO] 2023-05-29 12:12:35.499 --> < QMvsCentralWindow.cpp, line:2813 >   "change Feature Widget [CameraID : 1]" 
[WARN] 2023-05-29 12:12:44.497 --> < , line:0 >   QLayout::addChildLayout: layout "" already has a parent 
[WARN] 2023-05-29 12:12:44.497 --> < , line:0 >   QLayout::addChildLayout: layout "" already has a parent 
[WARN] 2023-05-29 12:12:49.772 --> < , line:0 >   QFont::setPixelSize: Pixel size <= 0 (-1) 
[INFO] 2023-05-29 12:13:01.696 --> < QEnumMngThread.cpp, line:259 >   "Begin Enum Devices : CameraType(4)" 
[INFO] 2023-05-29 12:13:01.696 --> < QEnumMngThread.cpp, line:259 >   "Begin Enum Devices : CameraType(1)" 
[DEBUG] 2023-05-29 12:13:01.697 --> < , line:0 >   "execCommand : route -n | grep wlan0" 
[INFO] 2023-05-29 12:13:01.701 --> < QEnumMngThread.cpp, line:589 >   "MV_CC_EnumDevices Number: 1" 
[INFO] 2023-05-29 12:13:01.701 --> < QEnumMngThread.cpp, line:697 >   "[U3V](chSerialNumber[L39875974])" 
[DEBUG] 2023-05-29 12:13:01.701 --> < , line:0 >   "execCommand : route -n | grep ztr2qrkiag" 
[INFO] 2023-05-29 12:13:01.702 --> < QEnumMngThread.cpp, line:278 >   "End Enum Devices : CameraType(4)" 
[INFO] 2023-05-29 12:13:01.702 --> < MVSDeviceTree.cpp, line:813 >   "CameraName:MV-CS016-10UC (L39875974)   To   CameraID:1" 
[DEBUG] 2023-05-29 12:13:01.709 --> < , line:0 >   "execCommand : route -n | grep docker0" 
[INFO] 2023-05-29 12:13:01.813 --> < QEnumMngThread.cpp, line:589 >   "MV_CC_EnumDevices Number: 0" 
[INFO] 2023-05-29 12:13:01.813 --> < QEnumMngThread.cpp, line:278 >   "End Enum Devices : CameraType(1)" 
[INFO] 2023-05-29 12:13:31.696 --> < QEnumMngThread.cpp, line:259 >   "Begin Enum Devices : CameraType(4)" 
[INFO] 2023-05-29 12:13:31.696 --> < QEnumMngThread.cpp, line:259 >   "Begin Enum Devices : CameraType(1)" 
[DEBUG] 2023-05-29 12:13:31.697 --> < , line:0 >   "execCommand : route -n | grep wlan0" 
[INFO] 2023-05-29 12:13:31.701 --> < QEnumMngThread.cpp, line:589 >   "MV_CC_EnumDevices Number: 1" 
[INFO] 2023-05-29 12:13:31.701 --> < QEnumMngThread.cpp, line:697 >   "[U3V](chSerialNumber[L39875974])" 
[INFO] 2023-05-29 12:13:31.701 --> < QEnumMngThread.cpp, line:278 >   "End Enum Devices : CameraType(4)" 
[INFO] 2023-05-29 12:13:31.702 --> < MVSDeviceTree.cpp, line:813 >   "CameraName:MV-CS016-10UC (L39875974)   To   CameraID:1" 
[DEBUG] 2023-05-29 12:13:31.702 --> < , line:0 >   "execCommand : route -n | grep ztr2qrkiag" 
[DEBUG] 2023-05-29 12:13:31.708 --> < , line:0 >   "execCommand : route -n | grep docker0" 
[INFO] 2023-05-29 12:13:31.812 --> < QEnumMngThread.cpp, line:589 >   "MV_CC_EnumDevices Number: 0" 
[INFO] 2023-05-29 12:13:31.813 --> < QEnumMngThread.cpp, line:278 >   "End Enum Devices : CameraType(1)" 
[INFO] 2023-05-29 12:14:01.697 --> < QEnumMngThread.cpp, line:259 >   "Begin Enum Devices : CameraType(4)" 
[INFO] 2023-05-29 12:14:01.697 --> < QEnumMngThread.cpp, line:259 >   "Begin Enum Devices : CameraType(1)" 
[DEBUG] 2023-05-29 12:14:01.698 --> < , line:0 >   "execCommand : route -n | grep wlan0" 
[INFO] 2023-05-29 12:14:01.701 --> < QEnumMngThread.cpp, line:589 >   "MV_CC_EnumDevices Number: 1" 
[INFO] 2023-05-29 12:14:01.702 --> < QEnumMngThread.cpp, line:697 >   "[U3V](chSerialNumber[L39875974])" 
[DEBUG] 2023-05-29 12:14:01.702 --> < , line:0 >   "execCommand : route -n | grep ztr2qrkiag" 
[INFO] 2023-05-29 12:14:01.702 --> < QEnumMngThread.cpp, line:278 >   "End Enum Devices : CameraType(4)" 
[INFO] 2023-05-29 12:14:01.703 --> < MVSDeviceTree.cpp, line:813 >   "CameraName:MV-CS016-10UC (L39875974)   To   CameraID:1" 
[DEBUG] 2023-05-29 12:14:01.706 --> < , line:0 >   "execCommand : route -n | grep docker0" 
[INFO] 2023-05-29 12:14:01.810 --> < QEnumMngThread.cpp, line:589 >   "MV_CC_EnumDevices Number: 0" 
[INFO] 2023-05-29 12:14:01.811 --> < QEnumMngThread.cpp, line:278 >   "End Enum Devices : CameraType(1)" 
[INFO] 2023-05-29 12:14:31.696 --> < QEnumMngThread.cpp, line:259 >   "Begin Enum Devices : CameraType(1)" 
[INFO] 2023-05-29 12:14:31.696 --> < QEnumMngThread.cpp, line:259 >   "Begin Enum Devices : CameraType(4)" 
[DEBUG] 2023-05-29 12:14:31.697 --> < , line:0 >   "execCommand : route -n | grep wlan0" 
[INFO] 2023-05-29 12:14:31.700 --> < QEnumMngThread.cpp, line:589 >   "MV_CC_EnumDevices Number: 1" 
[INFO] 2023-05-29 12:14:31.700 --> < QEnumMngThread.cpp, line:697 >   "[U3V](chSerialNumber[L39875974])" 
[INFO] 2023-05-29 12:14:31.701 --> < MVSDeviceTree.cpp, line:813 >   "CameraName:MV-CS016-10UC (L39875974)   To   CameraID:1" 
[DEBUG] 2023-05-29 12:14:31.702 --> < , line:0 >   "execCommand : route -n | grep ztr2qrkiag" 
[INFO] 2023-05-29 12:14:31.703 --> < QEnumMngThread.cpp, line:278 >   "End Enum Devices : CameraType(4)" 
[DEBUG] 2023-05-29 12:14:31.706 --> < , line:0 >   "execCommand : route -n | grep docker0" 
[INFO] 2023-05-29 12:14:31.810 --> < QEnumMngThread.cpp, line:589 >   "MV_CC_EnumDevices Number: 0" 
[INFO] 2023-05-29 12:14:31.811 --> < QEnumMngThread.cpp, line:278 >   "End Enum Devices : CameraType(1)" 
[INFO] 2023-05-29 12:15:01.697 --> < QEnumMngThread.cpp, line:259 >   "Begin Enum Devices : CameraType(4)" 
[INFO] 2023-05-29 12:15:01.697 --> < QEnumMngThread.cpp, line:259 >   "Begin Enum Devices : CameraType(1)" 
[DEBUG] 2023-05-29 12:15:01.698 --> < , line:0 >   "execCommand : route -n | grep wlan0" 
[INFO] 2023-05-29 12:15:01.701 --> < QEnumMngThread.cpp, line:589 >   "MV_CC_EnumDevices Number: 1" 
[INFO] 2023-05-29 12:15:01.702 --> < QEnumMngThread.cpp, line:697 >   "[U3V](chSerialNumber[L39875974])" 
[INFO] 2023-05-29 12:15:01.702 --> < QEnumMngThread.cpp, line:278 >   "End Enum Devices : CameraType(4)" 
[INFO] 2023-05-29 12:15:01.703 --> < MVSDeviceTree.cpp, line:813 >   "CameraName:MV-CS016-10UC (L39875974)   To   CameraID:1" 
[DEBUG] 2023-05-29 12:15:01.704 --> < , line:0 >   "execCommand : route -n | grep ztr2qrkiag" 
[DEBUG] 2023-05-29 12:15:01.709 --> < , line:0 >   "execCommand : route -n | grep docker0" 
[INFO] 2023-05-29 12:15:01.813 --> < QEnumMngThread.cpp, line:589 >   "MV_CC_EnumDevices Number: 0" 
[INFO] 2023-05-29 12:15:01.813 --> < QEnumMngThread.cpp, line:278 >   "End Enum Devices : CameraType(1)" 
[INFO] 2023-05-29 12:15:31.696 --> < QEnumMngThread.cpp, line:259 >   "Begin Enum Devices : CameraType(4)" 
[INFO] 2023-05-29 12:15:31.696 --> < QEnumMngThread.cpp, line:259 >   "Begin Enum Devices : CameraType(1)" 
[DEBUG] 2023-05-29 12:15:31.698 --> < , line:0 >   "execCommand : route -n | grep wlan0" 
[INFO] 2023-05-29 12:15:31.701 --> < QEnumMngThread.cpp, line:589 >   "MV_CC_EnumDevices Number: 1" 
[INFO] 2023-05-29 12:15:31.701 --> < QEnumMngThread.cpp, line:697 >   "[U3V](chSerialNumber[L39875974])" 
[INFO] 2023-05-29 12:15:31.702 --> < QEnumMngThread.cpp, line:278 >   "End Enum Devices : CameraType(4)" 
[INFO] 2023-05-29 12:15:31.702 --> < MVSDeviceTree.cpp, line:813 >   "CameraName:MV-CS016-10UC (L39875974)   To   CameraID:1" 
[DEBUG] 2023-05-29 12:15:31.703 --> < , line:0 >   "execCommand : route -n | grep ztr2qrkiag" 
[DEBUG] 2023-05-29 12:15:31.707 --> < , line:0 >   "execCommand : route -n | grep docker0" 
[INFO] 2023-05-29 12:15:31.812 --> < QEnumMngThread.cpp, line:589 >   "MV_CC_EnumDevices Number: 0" 
[INFO] 2023-05-29 12:15:31.812 --> < QEnumMngThread.cpp, line:278 >   "End Enum Devices : CameraType(1)" 
[INFO] 2023-05-29 12:15:45.508 --> < QMvsCentralWindow.cpp, line:2813 >   "change Feature Widget [CameraID : ffffffffffffffff]" 
[INFO] 2023-05-29 12:15:46.332 --> < QMvsCentralWindow.cpp, line:2813 >   "change Feature Widget [CameraID : ffffffffffffffff]" 
[INFO] 2023-05-29 12:15:46.939 --> < QMvsCentralWindow.cpp, line:2813 >   "change Feature Widget [CameraID : ffffffffffffffff]" 
[INFO] 2023-05-29 12:15:48.113 --> < QMvsCentralWindow.cpp, line:2813 >   "change Feature Widget [CameraID : 1]" 
[INFO] 2023-05-29 12:16:01.696 --> < QEnumMngThread.cpp, line:259 >   "Begin Enum Devices : CameraType(1)" 
[INFO] 2023-05-29 12:16:01.696 --> < QEnumMngThread.cpp, line:259 >   "Begin Enum Devices : CameraType(4)" 
[DEBUG] 2023-05-29 12:16:01.697 --> < , line:0 >   "execCommand : route -n | grep wlan0" 
[DEBUG] 2023-05-29 12:16:01.701 --> < , line:0 >   "execCommand : route -n | grep ztr2qrkiag" 
[INFO] 2023-05-29 12:16:01.702 --> < QEnumMngThread.cpp, line:589 >   "MV_CC_EnumDevices Number: 1" 
[INFO] 2023-05-29 12:16:01.702 --> < QEnumMngThread.cpp, line:697 >   "[U3V](chSerialNumber[L39875974])" 
[INFO] 2023-05-29 12:16:01.703 --> < QEnumMngThread.cpp, line:278 >   "End Enum Devices : CameraType(4)" 
[INFO] 2023-05-29 12:16:01.703 --> < MVSDeviceTree.cpp, line:813 >   "CameraName:MV-CS016-10UC (L39875974)   To   CameraID:1" 
[DEBUG] 2023-05-29 12:16:01.705 --> < , line:0 >   "execCommand : route -n | grep docker0" 
[INFO] 2023-05-29 12:16:01.812 --> < QEnumMngThread.cpp, line:589 >   "MV_CC_EnumDevices Number: 0" 
[INFO] 2023-05-29 12:16:01.812 --> < QEnumMngThread.cpp, line:278 >   "End Enum Devices : CameraType(1)" 
[INFO] 2023-05-29 12:16:12.510 --> < QMvsCentralWindow.cpp, line:2813 >   "change Feature Widget [CameraID : ffffffffffffffff]" 
[INFO] 2023-05-29 12:16:14.266 --> < QMvsCentralWindow.cpp, line:2813 >   "change Feature Widget [CameraID : 1]" 
[INFO] 2023-05-29 12:16:31.696 --> < QEnumMngThread.cpp, line:259 >   "Begin Enum Devices : CameraType(4)" 
[INFO] 2023-05-29 12:16:31.697 --> < QEnumMngThread.cpp, line:259 >   "Begin Enum Devices : CameraType(1)" 
[DEBUG] 2023-05-29 12:16:31.698 --> < , line:0 >   "execCommand : route -n | grep wlan0" 
[INFO] 2023-05-29 12:16:31.701 --> < QEnumMngThread.cpp, line:589 >   "MV_CC_EnumDevices Number: 1" 
[INFO] 2023-05-29 12:16:31.701 --> < QEnumMngThread.cpp, line:697 >   "[U3V](chSerialNumber[L39875974])" 
[INFO] 2023-05-29 12:16:31.702 --> < MVSDeviceTree.cpp, line:813 >   "CameraName:MV-CS016-10UC (L39875974)   To   CameraID:1" 
[INFO] 2023-05-29 12:16:31.704 --> < QEnumMngThread.cpp, line:278 >   "End Enum Devices : CameraType(4)" 
[DEBUG] 2023-05-29 12:16:31.704 --> < , line:0 >   "execCommand : route -n | grep ztr2qrkiag" 
[DEBUG] 2023-05-29 12:16:31.708 --> < , line:0 >   "execCommand : route -n | grep docker0" 
[INFO] 2023-05-29 12:16:31.812 --> < QEnumMngThread.cpp, line:589 >   "MV_CC_EnumDevices Number: 0" 
[INFO] 2023-05-29 12:16:31.813 --> < QEnumMngThread.cpp, line:278 >   "End Enum Devices : CameraType(1)" 
[INFO] 2023-05-29 12:16:35.170 --> < QMvsCentralWindow.cpp, line:2813 >   "change Feature Widget [CameraID : ffffffffffffffff]" 
[INFO] 2023-05-29 12:16:35.901 --> < QMvsCentralWindow.cpp, line:2813 >   "change Feature Widget [CameraID : ffffffffffffffff]" 
[INFO] 2023-05-29 12:16:38.034 --> < QMvsCentralWindow.cpp, line:2813 >   "change Feature Widget [CameraID : ffffffffffffffff]" 
[INFO] 2023-05-29 12:16:40.237 --> < QMvsCentralWindow.cpp, line:2813 >   "change Feature Widget [CameraID : ffffffffffffffff]" 
[INFO] 2023-05-29 12:16:41.333 --> < QMvsCentralWindow.cpp, line:2813 >   "change Feature Widget [CameraID : 1]" 
[ERROR] 2023-05-29 12:16:44.709 --> < QCameraControl.cpp, line:683 >   "Operate Feature Failed; NodeName : ChunkModeActive;  ErrorCode : ffffffff80000100" 
[INFO] 2023-05-29 12:16:44.709 --> < MVSOperateCameraThread.cpp, line:196 >   "ConnectCamera succeed. [CameraID:1]" 
[INFO] 2023-05-29 12:16:45.313 --> < QMvsCentralWindow.cpp, line:2813 >   "change Feature Widget [CameraID : 1]" 
[WARN] 2023-05-29 12:16:45.573 --> < , line:0 >   QLayout: Cannot add parent widget QFrame/ to its child layout QHBoxLayout/ 
[ERROR] 2023-05-29 12:16:45.581 --> < QCameraControl.cpp, line:630 >   "Operate Feature Failed; NodeName : ImageCompressionMode;  ErrorCode : ffffffff80000106" 
[INFO] 2023-05-29 12:16:45.633 --> < MVSMultiRenderWidget.cpp, line:314 >   "Add The Render Widget Into Ceil [Camera ID : 1]" 
[WARN] 2023-05-29 12:16:45.709 --> < , line:0 >   QFont::setPixelSize: Pixel size <= 0 (-1) 
[ERROR] 2023-05-29 12:16:56.862 --> < QCameraControl.cpp, line:683 >   "Operate Feature Failed; NodeName : ChunkModeActive;  ErrorCode : ffffffff80000100" 
[INFO] 2023-05-29 12:16:56.863 --> < MVSOperateCameraThread.cpp, line:301 >   "StartGrabbing Succeed. [CameraID:1]" 
[ERROR] 2023-05-29 12:16:56.864 --> < QCameraControl.cpp, line:522 >   "Operate Feature Failed; NodeName : GevSCPSPacketSize;  ErrorCode : ffffffff80000100" 
[INFO] 2023-05-29 12:17:01.696 --> < QEnumMngThread.cpp, line:259 >   "Begin Enum Devices : CameraType(1)" 
[INFO] 2023-05-29 12:17:01.697 --> < QEnumMngThread.cpp, line:259 >   "Begin Enum Devices : CameraType(4)" 
[DEBUG] 2023-05-29 12:17:01.697 --> < , line:0 >   "execCommand : route -n | grep wlan0" 
[DEBUG] 2023-05-29 12:17:01.703 --> < , line:0 >   "execCommand : route -n | grep ztr2qrkiag" 
[DEBUG] 2023-05-29 12:17:01.709 --> < , line:0 >   "execCommand : route -n | grep docker0" 
[INFO] 2023-05-29 12:17:01.716 --> < QEnumMngThread.cpp, line:589 >   "MV_CC_EnumDevices Number: 1" 
[INFO] 2023-05-29 12:17:01.716 --> < QEnumMngThread.cpp, line:697 >   "[U3V](chSerialNumber[L39875974])" 
[INFO] 2023-05-29 12:17:01.718 --> < QEnumMngThread.cpp, line:278 >   "End Enum Devices : CameraType(4)" 
[INFO] 2023-05-29 12:17:01.719 --> < MVSDeviceTree.cpp, line:813 >   "CameraName:MV-CS016-10UC (L39875974)   To   CameraID:1" 
[INFO] 2023-05-29 12:17:01.818 --> < QEnumMngThread.cpp, line:589 >   "MV_CC_EnumDevices Number: 0" 
[INFO] 2023-05-29 12:17:01.818 --> < QEnumMngThread.cpp, line:278 >   "End Enum Devices : CameraType(1)" 
[INFO] 2023-05-29 12:17:31.696 --> < QEnumMngThread.cpp, line:259 >   "Begin Enum Devices : CameraType(1)" 
[DEBUG] 2023-05-29 12:17:31.697 --> < , line:0 >   "execCommand : route -n | grep wlan0" 
[INFO] 2023-05-29 12:17:31.698 --> < QEnumMngThread.cpp, line:259 >   "Begin Enum Devices : CameraType(4)" 
[DEBUG] 2023-05-29 12:17:31.703 --> < , line:0 >   "execCommand : route -n | grep ztr2qrkiag" 
[INFO] 2023-05-29 12:17:31.704 --> < QEnumMngThread.cpp, line:589 >   "MV_CC_EnumDevices Number: 1" 
[INFO] 2023-05-29 12:17:31.704 --> < QEnumMngThread.cpp, line:697 >   "[U3V](chSerialNumber[L39875974])" 
[INFO] 2023-05-29 12:17:31.705 --> < QEnumMngThread.cpp, line:278 >   "End Enum Devices : CameraType(4)" 
[INFO] 2023-05-29 12:17:31.705 --> < MVSDeviceTree.cpp, line:813 >   "CameraName:MV-CS016-10UC (L39875974)   To   CameraID:1" 
[DEBUG] 2023-05-29 12:17:31.709 --> < , line:0 >   "execCommand : route -n | grep docker0" 
[INFO] 2023-05-29 12:17:31.814 --> < QEnumMngThread.cpp, line:589 >   "MV_CC_EnumDevices Number: 0" 
[INFO] 2023-05-29 12:17:31.815 --> < QEnumMngThread.cpp, line:278 >   "End Enum Devices : CameraType(1)" 
[INFO] 2023-05-29 12:18:01.696 --> < QEnumMngThread.cpp, line:259 >   "Begin Enum Devices : CameraType(4)" 
[INFO] 2023-05-29 12:18:01.696 --> < QEnumMngThread.cpp, line:259 >   "Begin Enum Devices : CameraType(1)" 
[DEBUG] 2023-05-29 12:18:01.698 --> < , line:0 >   "execCommand : route -n | grep wlan0" 
[DEBUG] 2023-05-29 12:18:01.703 --> < , line:0 >   "execCommand : route -n | grep ztr2qrkiag" 
[DEBUG] 2023-05-29 12:18:01.707 --> < , line:0 >   "execCommand : route -n | grep docker0" 
[INFO] 2023-05-29 12:18:01.720 --> < QEnumMngThread.cpp, line:589 >   "MV_CC_EnumDevices Number: 1" 
[INFO] 2023-05-29 12:18:01.720 --> < QEnumMngThread.cpp, line:697 >   "[U3V](chSerialNumber[L39875974])" 
[INFO] 2023-05-29 12:18:01.821 --> < QEnumMngThread.cpp, line:589 >   "MV_CC_EnumDevices Number: 0" 
[INFO] 2023-05-29 12:18:01.821 --> < QEnumMngThread.cpp, line:278 >   "End Enum Devices : CameraType(1)" 
[INFO] 2023-05-29 12:18:01.822 --> < MVSDeviceTree.cpp, line:813 >   "CameraName:MV-CS016-10UC (L39875974)   To   CameraID:1" 
[INFO] 2023-05-29 12:18:01.822 --> < QEnumMngThread.cpp, line:278 >   "End Enum Devices : CameraType(4)" 
[WARN] 2023-05-29 12:18:16.228 --> < , line:0 >   QPainter::begin: Paint device returned engine == 0, type: 2 
[WARN] 2023-05-29 12:18:16.228 --> < , line:0 >   QPainter::setRenderHint: Painter must be active to set rendering hints 
[WARN] 2023-05-29 12:18:16.229 --> < , line:0 >   QPainter::setPen: Painter not active 
[WARN] 2023-05-29 12:18:16.229 --> < , line:0 >   QPainter::fillPath: Painter not active 
[WARN] 2023-05-29 12:18:16.246 --> < , line:0 >   QPainter::begin: Paint device returned engine == 0, type: 2 
[WARN] 2023-05-29 12:18:16.246 --> < , line:0 >   QPainter::setRenderHint: Painter must be active to set rendering hints 
[WARN] 2023-05-29 12:18:16.246 --> < , line:0 >   QPainter::setPen: Painter not active 
[WARN] 2023-05-29 12:18:16.246 --> < , line:0 >   QPainter::fillPath: Painter not active 
[WARN] 2023-05-29 12:18:16.250 --> < , line:0 >   QPainter::begin: Paint device returned engine == 0, type: 2 
[WARN] 2023-05-29 12:18:16.250 --> < , line:0 >   QPainter::setRenderHint: Painter must be active to set rendering hints 
[WARN] 2023-05-29 12:18:16.250 --> < , line:0 >   QPainter::setPen: Painter not active 
[WARN] 2023-05-29 12:18:16.250 --> < , line:0 >   QPainter::fillPath: Painter not active 
[WARN] 2023-05-29 12:18:26.651 --> < , line:0 >   QPainter::begin: Paint device returned engine == 0, type: 2 
[WARN] 2023-05-29 12:18:26.651 --> < , line:0 >   QPainter::setRenderHint: Painter must be active to set rendering hints 
[WARN] 2023-05-29 12:18:26.651 --> < , line:0 >   QPainter::setPen: Painter not active 
[WARN] 2023-05-29 12:18:26.651 --> < , line:0 >   QPainter::fillPath: Painter not active 
[WARN] 2023-05-29 12:18:26.658 --> < , line:0 >   QPainter::begin: Paint device returned engine == 0, type: 2 
[WARN] 2023-05-29 12:18:26.658 --> < , line:0 >   QPainter::setRenderHint: Painter must be active to set rendering hints 
[WARN] 2023-05-29 12:18:26.658 --> < , line:0 >   QPainter::setPen: Painter not active 
[WARN] 2023-05-29 12:18:26.658 --> < , line:0 >   QPainter::fillPath: Painter not active 
[INFO] 2023-05-29 12:18:31.696 --> < QEnumMngThread.cpp, line:259 >   "Begin Enum Devices : CameraType(4)" 
[INFO] 2023-05-29 12:18:31.696 --> < QEnumMngThread.cpp, line:259 >   "Begin Enum Devices : CameraType(1)" 
[DEBUG] 2023-05-29 12:18:31.698 --> < , line:0 >   "execCommand : route -n | grep wlan0" 
[DEBUG] 2023-05-29 12:18:31.703 --> < , line:0 >   "execCommand : route -n | grep ztr2qrkiag" 
[DEBUG] 2023-05-29 12:18:31.709 --> < , line:0 >   "execCommand : route -n | grep docker0" 
[INFO] 2023-05-29 12:18:31.729 --> < QEnumMngThread.cpp, line:589 >   "MV_CC_EnumDevices Number: 1" 
[INFO] 2023-05-29 12:18:31.729 --> < QEnumMngThread.cpp, line:697 >   "[U3V](chSerialNumber[L39875974])" 
[INFO] 2023-05-29 12:18:31.829 --> < QEnumMngThread.cpp, line:589 >   "MV_CC_EnumDevices Number: 0" 
[INFO] 2023-05-29 12:18:31.830 --> < QEnumMngThread.cpp, line:278 >   "End Enum Devices : CameraType(1)" 
[INFO] 2023-05-29 12:18:31.830 --> < QEnumMngThread.cpp, line:278 >   "End Enum Devices : CameraType(4)" 
[INFO] 2023-05-29 12:18:31.830 --> < MVSDeviceTree.cpp, line:813 >   "CameraName:MV-CS016-10UC (L39875974)   To   CameraID:1" 
[INFO] 2023-05-29 12:19:01.697 --> < QEnumMngThread.cpp, line:259 >   "Begin Enum Devices : CameraType(4)" 
[INFO] 2023-05-29 12:19:01.697 --> < QEnumMngThread.cpp, line:259 >   "Begin Enum Devices : CameraType(1)" 
[DEBUG] 2023-05-29 12:19:01.698 --> < , line:0 >   "execCommand : route -n | grep wlan0" 
[DEBUG] 2023-05-29 12:19:01.703 --> < , line:0 >   "execCommand : route -n | grep ztr2qrkiag" 
[DEBUG] 2023-05-29 12:19:01.710 --> < , line:0 >   "execCommand : route -n | grep docker0" 
[INFO] 2023-05-29 12:19:01.715 --> < QEnumMngThread.cpp, line:589 >   "MV_CC_EnumDevices Number: 1" 
[INFO] 2023-05-29 12:19:01.715 --> < QEnumMngThread.cpp, line:697 >   "[U3V](chSerialNumber[L39875974])" 
[INFO] 2023-05-29 12:19:01.715 --> < QEnumMngThread.cpp, line:278 >   "End Enum Devices : CameraType(4)" 
[INFO] 2023-05-29 12:19:01.718 --> < MVSDeviceTree.cpp, line:813 >   "CameraName:MV-CS016-10UC (L39875974)   To   CameraID:1" 
[INFO] 2023-05-29 12:19:01.816 --> < QEnumMngThread.cpp, line:589 >   "MV_CC_EnumDevices Number: 0" 
[INFO] 2023-05-29 12:19:01.817 --> < QEnumMngThread.cpp, line:278 >   "End Enum Devices : CameraType(1)" 
[INFO] 2023-05-29 12:19:31.696 --> < QEnumMngThread.cpp, line:259 >   "Begin Enum Devices : CameraType(1)" 
[INFO] 2023-05-29 12:19:31.696 --> < QEnumMngThread.cpp, line:259 >   "Begin Enum Devices : CameraType(4)" 
[DEBUG] 2023-05-29 12:19:31.699 --> < , line:0 >   "execCommand : route -n | grep wlan0" 
[DEBUG] 2023-05-29 12:19:31.704 --> < , line:0 >   "execCommand : route -n | grep ztr2qrkiag" 
[DEBUG] 2023-05-29 12:19:31.709 --> < , line:0 >   "execCommand : route -n | grep docker0" 
[INFO] 2023-05-29 12:19:31.713 --> < QEnumMngThread.cpp, line:589 >   "MV_CC_EnumDevices Number: 1" 
[INFO] 2023-05-29 12:19:31.713 --> < QEnumMngThread.cpp, line:697 >   "[U3V](chSerialNumber[L39875974])" 
[INFO] 2023-05-29 12:19:31.714 --> < QEnumMngThread.cpp, line:278 >   "End Enum Devices : CameraType(4)" 
[INFO] 2023-05-29 12:19:31.715 --> < MVSDeviceTree.cpp, line:813 >   "CameraName:MV-CS016-10UC (L39875974)   To   CameraID:1" 
[INFO] 2023-05-29 12:19:31.815 --> < QEnumMngThread.cpp, line:589 >   "MV_CC_EnumDevices Number: 0" 
[INFO] 2023-05-29 12:19:31.815 --> < QEnumMngThread.cpp, line:278 >   "End Enum Devices : CameraType(1)" 
[INFO] 2023-05-29 12:20:01.710 --> < QEnumMngThread.cpp, line:259 >   "Begin Enum Devices : CameraType(1)" 
[DEBUG] 2023-05-29 12:20:01.711 --> < , line:0 >   "execCommand : route -n | grep wlan0" 
[DEBUG] 2023-05-29 12:20:01.718 --> < , line:0 >   "execCommand : route -n | grep ztr2qrkiag" 
[INFO] 2023-05-29 12:20:01.722 --> < QEnumMngThread.cpp, line:259 >   "Begin Enum Devices : CameraType(4)" 
[DEBUG] 2023-05-29 12:20:01.739 --> < , line:0 >   "execCommand : route -n | grep docker0" 
[INFO] 2023-05-29 12:20:01.749 --> < QEnumMngThread.cpp, line:589 >   "MV_CC_EnumDevices Number: 1" 
[INFO] 2023-05-29 12:20:01.749 --> < QEnumMngThread.cpp, line:697 >   "[U3V](chSerialNumber[L39875974])" 
[INFO] 2023-05-29 12:20:01.751 --> < MVSDeviceTree.cpp, line:813 >   "CameraName:MV-CS016-10UC (L39875974)   To   CameraID:1" 
[INFO] 2023-05-29 12:20:01.751 --> < QEnumMngThread.cpp, line:278 >   "End Enum Devices : CameraType(4)" 
[INFO] 2023-05-29 12:20:01.850 --> < QEnumMngThread.cpp, line:589 >   "MV_CC_EnumDevices Number: 0" 
[INFO] 2023-05-29 12:20:01.851 --> < QEnumMngThread.cpp, line:278 >   "End Enum Devices : CameraType(1)" 
[INFO] 2023-05-29 12:20:31.697 --> < QEnumMngThread.cpp, line:259 >   "Begin Enum Devices : CameraType(4)" 
[INFO] 2023-05-29 12:20:31.697 --> < QEnumMngThread.cpp, line:259 >   "Begin Enum Devices : CameraType(1)" 
[DEBUG] 2023-05-29 12:20:31.698 --> < , line:0 >   "execCommand : route -n | grep wlan0" 
[DEBUG] 2023-05-29 12:20:31.703 --> < , line:0 >   "execCommand : route -n | grep ztr2qrkiag" 
[DEBUG] 2023-05-29 12:20:31.707 --> < , line:0 >   "execCommand : route -n | grep docker0" 
[INFO] 2023-05-29 12:20:31.721 --> < QEnumMngThread.cpp, line:589 >   "MV_CC_EnumDevices Number: 1" 
[INFO] 2023-05-29 12:20:31.721 --> < QEnumMngThread.cpp, line:697 >   "[U3V](chSerialNumber[L39875974])" 
[INFO] 2023-05-29 12:20:31.822 --> < QEnumMngThread.cpp, line:589 >   "MV_CC_EnumDevices Number: 0" 
[INFO] 2023-05-29 12:20:31.822 --> < QEnumMngThread.cpp, line:278 >   "End Enum Devices : CameraType(1)" 
[INFO] 2023-05-29 12:20:31.823 --> < QEnumMngThread.cpp, line:278 >   "End Enum Devices : CameraType(4)" 
[INFO] 2023-05-29 12:20:31.823 --> < MVSDeviceTree.cpp, line:813 >   "CameraName:MV-CS016-10UC (L39875974)   To   CameraID:1" 
[INFO] 2023-05-29 12:21:01.697 --> < QEnumMngThread.cpp, line:259 >   "Begin Enum Devices : CameraType(1)" 
[DEBUG] 2023-05-29 12:21:01.699 --> < , line:0 >   "execCommand : route -n | grep wlan0" 
[INFO] 2023-05-29 12:21:01.699 --> < QEnumMngThread.cpp, line:259 >   "Begin Enum Devices : CameraType(4)" 
[DEBUG] 2023-05-29 12:21:01.703 --> < , line:0 >   "execCommand : route -n | grep ztr2qrkiag" 
[DEBUG] 2023-05-29 12:21:01.711 --> < , line:0 >   "execCommand : route -n | grep docker0" 
[INFO] 2023-05-29 12:21:01.719 --> < QEnumMngThread.cpp, line:589 >   "MV_CC_EnumDevices Number: 1" 
[INFO] 2023-05-29 12:21:01.719 --> < QEnumMngThread.cpp, line:697 >   "[U3V](chSerialNumber[L39875974])" 
[INFO] 2023-05-29 12:21:01.721 --> < QEnumMngThread.cpp, line:278 >   "End Enum Devices : CameraType(4)" 
[INFO] 2023-05-29 12:21:01.722 --> < MVSDeviceTree.cpp, line:813 >   "CameraName:MV-CS016-10UC (L39875974)   To   CameraID:1" 
[INFO] 2023-05-29 12:21:01.821 --> < QEnumMngThread.cpp, line:589 >   "MV_CC_EnumDevices Number: 0" 
[INFO] 2023-05-29 12:21:01.821 --> < QEnumMngThread.cpp, line:278 >   "End Enum Devices : CameraType(1)" 
[INFO] 2023-05-29 12:21:31.697 --> < QEnumMngThread.cpp, line:259 >   "Begin Enum Devices : CameraType(4)" 
[INFO] 2023-05-29 12:21:31.697 --> < QEnumMngThread.cpp, line:259 >   "Begin Enum Devices : CameraType(1)" 
[DEBUG] 2023-05-29 12:21:31.698 --> < , line:0 >   "execCommand : route -n | grep wlan0" 
[DEBUG] 2023-05-29 12:21:31.703 --> < , line:0 >   "execCommand : route -n | grep ztr2qrkiag" 
[DEBUG] 2023-05-29 12:21:31.707 --> < , line:0 >   "execCommand : route -n | grep docker0" 
[INFO] 2023-05-29 12:21:31.721 --> < QEnumMngThread.cpp, line:589 >   "MV_CC_EnumDevices Number: 1" 
[INFO] 2023-05-29 12:21:31.721 --> < QEnumMngThread.cpp, line:697 >   "[U3V](chSerialNumber[L39875974])" 
[INFO] 2023-05-29 12:21:31.822 --> < QEnumMngThread.cpp, line:589 >   "MV_CC_EnumDevices Number: 0" 
[INFO] 2023-05-29 12:21:31.822 --> < QEnumMngThread.cpp, line:278 >   "End Enum Devices : CameraType(4)" 
[INFO] 2023-05-29 12:21:31.822 --> < MVSDeviceTree.cpp, line:813 >   "CameraName:MV-CS016-10UC (L39875974)   To   CameraID:1" 
[INFO] 2023-05-29 12:21:31.824 --> < QEnumMngThread.cpp, line:278 >   "End Enum Devices : CameraType(1)" 
[INFO] 2023-05-29 12:22:01.697 --> < QEnumMngThread.cpp, line:259 >   "Begin Enum Devices : CameraType(1)" 
[INFO] 2023-05-29 12:22:01.697 --> < QEnumMngThread.cpp, line:259 >   "Begin Enum Devices : CameraType(4)" 
[DEBUG] 2023-05-29 12:22:01.699 --> < , line:0 >   "execCommand : route -n | grep wlan0" 
[DEBUG] 2023-05-29 12:22:01.704 --> < , line:0 >   "execCommand : route -n | grep ztr2qrkiag" 
[DEBUG] 2023-05-29 12:22:01.708 --> < , line:0 >   "execCommand : route -n | grep docker0" 
[INFO] 2023-05-29 12:22:01.718 --> < QEnumMngThread.cpp, line:589 >   "MV_CC_EnumDevices Number: 1" 
[INFO] 2023-05-29 12:22:01.719 --> < QEnumMngThread.cpp, line:697 >   "[U3V](chSerialNumber[L39875974])" 
[INFO] 2023-05-29 12:22:01.719 --> < MVSDeviceTree.cpp, line:813 >   "CameraName:MV-CS016-10UC (L39875974)   To   CameraID:1" 
[INFO] 2023-05-29 12:22:01.720 --> < QEnumMngThread.cpp, line:278 >   "End Enum Devices : CameraType(4)" 
[INFO] 2023-05-29 12:22:01.820 --> < QEnumMngThread.cpp, line:589 >   "MV_CC_EnumDevices Number: 0" 
[INFO] 2023-05-29 12:22:01.820 --> < QEnumMngThread.cpp, line:278 >   "End Enum Devices : CameraType(1)" 
[INFO] 2023-05-29 12:22:31.697 --> < QEnumMngThread.cpp, line:259 >   "Begin Enum Devices : CameraType(4)" 
[INFO] 2023-05-29 12:22:31.700 --> < QEnumMngThread.cpp, line:259 >   "Begin Enum Devices : CameraType(1)" 
[DEBUG] 2023-05-29 12:22:31.700 --> < , line:0 >   "execCommand : route -n | grep wlan0" 
[DEBUG] 2023-05-29 12:22:31.705 --> < , line:0 >   "execCommand : route -n | grep ztr2qrkiag" 
[DEBUG] 2023-05-29 12:22:31.710 --> < , line:0 >   "execCommand : route -n | grep docker0" 
[INFO] 2023-05-29 12:22:31.735 --> < QEnumMngThread.cpp, line:589 >   "MV_CC_EnumDevices Number: 1" 
[INFO] 2023-05-29 12:22:31.735 --> < QEnumMngThread.cpp, line:697 >   "[U3V](chSerialNumber[L39875974])" 
[INFO] 2023-05-29 12:22:31.836 --> < QEnumMngThread.cpp, line:589 >   "MV_CC_EnumDevices Number: 0" 
[INFO] 2023-05-29 12:22:31.836 --> < QEnumMngThread.cpp, line:278 >   "End Enum Devices : CameraType(1)" 
[INFO] 2023-05-29 12:22:31.836 --> < QEnumMngThread.cpp, line:278 >   "End Enum Devices : CameraType(4)" 
[INFO] 2023-05-29 12:22:31.837 --> < MVSDeviceTree.cpp, line:813 >   "CameraName:MV-CS016-10UC (L39875974)   To   CameraID:1" 
[INFO] 2023-05-29 12:23:01.697 --> < QEnumMngThread.cpp, line:259 >   "Begin Enum Devices : CameraType(4)" 
[INFO] 2023-05-29 12:23:01.697 --> < QEnumMngThread.cpp, line:259 >   "Begin Enum Devices : CameraType(1)" 
[DEBUG] 2023-05-29 12:23:01.697 --> < , line:0 >   "execCommand : route -n | grep wlan0" 
[DEBUG] 2023-05-29 12:23:01.702 --> < , line:0 >   "execCommand : route -n | grep ztr2qrkiag" 
[DEBUG] 2023-05-29 12:23:01.706 --> < , line:0 >   "execCommand : route -n | grep docker0" 
[INFO] 2023-05-29 12:23:01.720 --> < QEnumMngThread.cpp, line:589 >   "MV_CC_EnumDevices Number: 1" 
[INFO] 2023-05-29 12:23:01.720 --> < QEnumMngThread.cpp, line:697 >   "[U3V](chSerialNumber[L39875974])" 
[INFO] 2023-05-29 12:23:01.821 --> < QEnumMngThread.cpp, line:589 >   "MV_CC_EnumDevices Number: 0" 
[INFO] 2023-05-29 12:23:01.821 --> < QEnumMngThread.cpp, line:278 >   "End Enum Devices : CameraType(1)" 
[INFO] 2023-05-29 12:23:01.822 --> < MVSDeviceTree.cpp, line:813 >   "CameraName:MV-CS016-10UC (L39875974)   To   CameraID:1" 
[INFO] 2023-05-29 12:23:01.824 --> < QEnumMngThread.cpp, line:278 >   "End Enum Devices : CameraType(4)" 
[INFO] 2023-05-29 12:23:31.697 --> < QEnumMngThread.cpp, line:259 >   "Begin Enum Devices : CameraType(4)" 
[INFO] 2023-05-29 12:23:31.697 --> < QEnumMngThread.cpp, line:259 >   "Begin Enum Devices : CameraType(1)" 
[DEBUG] 2023-05-29 12:23:31.698 --> < , line:0 >   "execCommand : route -n | grep wlan0" 
[DEBUG] 2023-05-29 12:23:31.702 --> < , line:0 >   "execCommand : route -n | grep ztr2qrkiag" 
[DEBUG] 2023-05-29 12:23:31.711 --> < , line:0 >   "execCommand : route -n | grep docker0" 
[INFO] 2023-05-29 12:23:31.721 --> < QEnumMngThread.cpp, line:589 >   "MV_CC_EnumDevices Number: 1" 
[INFO] 2023-05-29 12:23:31.721 --> < QEnumMngThread.cpp, line:697 >   "[U3V](chSerialNumber[L39875974])" 
[INFO] 2023-05-29 12:23:31.822 --> < QEnumMngThread.cpp, line:589 >   "MV_CC_EnumDevices Number: 0" 
[INFO] 2023-05-29 12:23:31.822 --> < QEnumMngThread.cpp, line:278 >   "End Enum Devices : CameraType(1)" 
[INFO] 2023-05-29 12:23:31.822 --> < QEnumMngThread.cpp, line:278 >   "End Enum Devices : CameraType(4)" 
[INFO] 2023-05-29 12:23:31.822 --> < MVSDeviceTree.cpp, line:813 >   "CameraName:MV-CS016-10UC (L39875974)   To   CameraID:1" 
[INFO] 2023-05-29 12:24:01.696 --> < QEnumMngThread.cpp, line:259 >   "Begin Enum Devices : CameraType(4)" 
[INFO] 2023-05-29 12:24:01.696 --> < QEnumMngThread.cpp, line:259 >   "Begin Enum Devices : CameraType(1)" 
[DEBUG] 2023-05-29 12:24:01.697 --> < , line:0 >   "execCommand : route -n | grep wlan0" 
[DEBUG] 2023-05-29 12:24:01.702 --> < , line:0 >   "execCommand : route -n | grep ztr2qrkiag" 
[DEBUG] 2023-05-29 12:24:01.707 --> < , line:0 >   "execCommand : route -n | grep docker0" 
[INFO] 2023-05-29 12:24:01.723 --> < QEnumMngThread.cpp, line:589 >   "MV_CC_EnumDevices Number: 1" 
[INFO] 2023-05-29 12:24:01.723 --> < QEnumMngThread.cpp, line:697 >   "[U3V](chSerialNumber[L39875974])" 
[INFO] 2023-05-29 12:24:01.824 --> < QEnumMngThread.cpp, line:589 >   "MV_CC_EnumDevices Number: 0" 
[INFO] 2023-05-29 12:24:01.824 --> < QEnumMngThread.cpp, line:278 >   "End Enum Devices : CameraType(1)" 
[INFO] 2023-05-29 12:24:01.824 --> < QEnumMngThread.cpp, line:278 >   "End Enum Devices : CameraType(4)" 
[INFO] 2023-05-29 12:24:01.825 --> < MVSDeviceTree.cpp, line:813 >   "CameraName:MV-CS016-10UC (L39875974)   To   CameraID:1" 
[INFO] 2023-05-29 12:24:31.696 --> < QEnumMngThread.cpp, line:259 >   "Begin Enum Devices : CameraType(1)" 
[INFO] 2023-05-29 12:24:31.696 --> < QEnumMngThread.cpp, line:259 >   "Begin Enum Devices : CameraType(4)" 
[DEBUG] 2023-05-29 12:24:31.697 --> < , line:0 >   "execCommand : route -n | grep wlan0" 
[DEBUG] 2023-05-29 12:24:31.702 --> < , line:0 >   "execCommand : route -n | grep ztr2qrkiag" 
[DEBUG] 2023-05-29 12:24:31.706 --> < , line:0 >   "execCommand : route -n | grep docker0" 
[INFO] 2023-05-29 12:24:31.723 --> < QEnumMngThread.cpp, line:589 >   "MV_CC_EnumDevices Number: 1" 
[INFO] 2023-05-29 12:24:31.723 --> < QEnumMngThread.cpp, line:697 >   "[U3V](chSerialNumber[L39875974])" 
[INFO] 2023-05-29 12:24:31.824 --> < QEnumMngThread.cpp, line:589 >   "MV_CC_EnumDevices Number: 0" 
[INFO] 2023-05-29 12:24:31.824 --> < QEnumMngThread.cpp, line:278 >   "End Enum Devices : CameraType(1)" 
[INFO] 2023-05-29 12:24:31.824 --> < QEnumMngThread.cpp, line:278 >   "End Enum Devices : CameraType(4)" 
[INFO] 2023-05-29 12:24:31.824 --> < MVSDeviceTree.cpp, line:813 >   "CameraName:MV-CS016-10UC (L39875974)   To   CameraID:1" 
[INFO] 2023-05-29 12:25:01.697 --> < QEnumMngThread.cpp, line:259 >   "Begin Enum Devices : CameraType(1)" 
[DEBUG] 2023-05-29 12:25:01.698 --> < , line:0 >   "execCommand : route -n | grep wlan0" 
[INFO] 2023-05-29 12:25:01.699 --> < QEnumMngThread.cpp, line:259 >   "Begin Enum Devices : CameraType(4)" 
[DEBUG] 2023-05-29 12:25:01.704 --> < , line:0 >   "execCommand : route -n | grep ztr2qrkiag" 
[DEBUG] 2023-05-29 12:25:01.709 --> < , line:0 >   "execCommand : route -n | grep docker0" 
[INFO] 2023-05-29 12:25:01.714 --> < QEnumMngThread.cpp, line:589 >   "MV_CC_EnumDevices Number: 1" 
[INFO] 2023-05-29 12:25:01.714 --> < QEnumMngThread.cpp, line:697 >   "[U3V](chSerialNumber[L39875974])" 
[INFO] 2023-05-29 12:25:01.715 --> < MVSDeviceTree.cpp, line:813 >   "CameraName:MV-CS016-10UC (L39875974)   To   CameraID:1" 
[INFO] 2023-05-29 12:25:01.715 --> < QEnumMngThread.cpp, line:278 >   "End Enum Devices : CameraType(4)" 
[INFO] 2023-05-29 12:25:01.815 --> < QEnumMngThread.cpp, line:589 >   "MV_CC_EnumDevices Number: 0" 
[INFO] 2023-05-29 12:25:01.816 --> < QEnumMngThread.cpp, line:278 >   "End Enum Devices : CameraType(1)" 
[INFO] 2023-05-29 12:25:31.697 --> < QEnumMngThread.cpp, line:259 >   "Begin Enum Devices : CameraType(4)" 
[INFO] 2023-05-29 12:25:31.697 --> < QEnumMngThread.cpp, line:259 >   "Begin Enum Devices : CameraType(1)" 
[DEBUG] 2023-05-29 12:25:31.698 --> < , line:0 >   "execCommand : route -n | grep wlan0" 
[DEBUG] 2023-05-29 12:25:31.703 --> < , line:0 >   "execCommand : route -n | grep ztr2qrkiag" 
[DEBUG] 2023-05-29 12:25:31.708 --> < , line:0 >   "execCommand : route -n | grep docker0" 
[INFO] 2023-05-29 12:25:31.708 --> < QEnumMngThread.cpp, line:589 >   "MV_CC_EnumDevices Number: 1" 
[INFO] 2023-05-29 12:25:31.708 --> < QEnumMngThread.cpp, line:697 >   "[U3V](chSerialNumber[L39875974])" 
[INFO] 2023-05-29 12:25:31.709 --> < QEnumMngThread.cpp, line:278 >   "End Enum Devices : CameraType(4)" 
[INFO] 2023-05-29 12:25:31.709 --> < MVSDeviceTree.cpp, line:813 >   "CameraName:MV-CS016-10UC (L39875974)   To   CameraID:1" 
[INFO] 2023-05-29 12:25:31.813 --> < QEnumMngThread.cpp, line:589 >   "MV_CC_EnumDevices Number: 0" 
[INFO] 2023-05-29 12:25:31.814 --> < QEnumMngThread.cpp, line:278 >   "End Enum Devices : CameraType(1)" 
[INFO] 2023-05-29 12:26:01.697 --> < QEnumMngThread.cpp, line:259 >   "Begin Enum Devices : CameraType(1)" 
[INFO] 2023-05-29 12:26:01.697 --> < QEnumMngThread.cpp, line:259 >   "Begin Enum Devices : CameraType(4)" 
[DEBUG] 2023-05-29 12:26:01.698 --> < , line:0 >   "execCommand : route -n | grep wlan0" 
[DEBUG] 2023-05-29 12:26:01.702 --> < , line:0 >   "execCommand : route -n | grep ztr2qrkiag" 
[DEBUG] 2023-05-29 12:26:01.706 --> < , line:0 >   "execCommand : route -n | grep docker0" 
[INFO] 2023-05-29 12:26:01.726 --> < QEnumMngThread.cpp, line:589 >   "MV_CC_EnumDevices Number: 1" 
[INFO] 2023-05-29 12:26:01.726 --> < QEnumMngThread.cpp, line:697 >   "[U3V](chSerialNumber[L39875974])" 
[INFO] 2023-05-29 12:26:01.827 --> < QEnumMngThread.cpp, line:589 >   "MV_CC_EnumDevices Number: 0" 
[INFO] 2023-05-29 12:26:01.827 --> < QEnumMngThread.cpp, line:278 >   "End Enum Devices : CameraType(1)" 
[INFO] 2023-05-29 12:26:01.827 --> < QEnumMngThread.cpp, line:278 >   "End Enum Devices : CameraType(4)" 
[INFO] 2023-05-29 12:26:01.828 --> < MVSDeviceTree.cpp, line:813 >   "CameraName:MV-CS016-10UC (L39875974)   To   CameraID:1" 
[INFO] 2023-05-29 12:26:31.696 --> < QEnumMngThread.cpp, line:259 >   "Begin Enum Devices : CameraType(1)" 
[INFO] 2023-05-29 12:26:31.696 --> < QEnumMngThread.cpp, line:259 >   "Begin Enum Devices : CameraType(4)" 
[DEBUG] 2023-05-29 12:26:31.697 --> < , line:0 >   "execCommand : route -n | grep wlan0" 
[DEBUG] 2023-05-29 12:26:31.701 --> < , line:0 >   "execCommand : route -n | grep ztr2qrkiag" 
[DEBUG] 2023-05-29 12:26:31.706 --> < , line:0 >   "execCommand : route -n | grep docker0" 
[INFO] 2023-05-29 12:26:31.730 --> < QEnumMngThread.cpp, line:589 >   "MV_CC_EnumDevices Number: 1" 
[INFO] 2023-05-29 12:26:31.730 --> < QEnumMngThread.cpp, line:697 >   "[U3V](chSerialNumber[L39875974])" 
[INFO] 2023-05-29 12:26:31.831 --> < QEnumMngThread.cpp, line:589 >   "MV_CC_EnumDevices Number: 0" 
[INFO] 2023-05-29 12:26:31.831 --> < QEnumMngThread.cpp, line:278 >   "End Enum Devices : CameraType(1)" 
[INFO] 2023-05-29 12:26:31.831 --> < QEnumMngThread.cpp, line:278 >   "End Enum Devices : CameraType(4)" 
[INFO] 2023-05-29 12:26:31.832 --> < MVSDeviceTree.cpp, line:813 >   "CameraName:MV-CS016-10UC (L39875974)   To   CameraID:1" 
[INFO] 2023-05-29 12:27:01.697 --> < QEnumMngThread.cpp, line:259 >   "Begin Enum Devices : CameraType(4)" 
[INFO] 2023-05-29 12:27:01.697 --> < QEnumMngThread.cpp, line:259 >   "Begin Enum Devices : CameraType(1)" 
[DEBUG] 2023-05-29 12:27:01.698 --> < , line:0 >   "execCommand : route -n | grep wlan0" 
[DEBUG] 2023-05-29 12:27:01.702 --> < , line:0 >   "execCommand : route -n | grep ztr2qrkiag" 
[DEBUG] 2023-05-29 12:27:01.707 --> < , line:0 >   "execCommand : route -n | grep docker0" 
[INFO] 2023-05-29 12:27:01.708 --> < QEnumMngThread.cpp, line:589 >   "MV_CC_EnumDevices Number: 1" 
[INFO] 2023-05-29 12:27:01.709 --> < QEnumMngThread.cpp, line:697 >   "[U3V](chSerialNumber[L39875974])" 
[INFO] 2023-05-29 12:27:01.710 --> < MVSDeviceTree.cpp, line:813 >   "CameraName:MV-CS016-10UC (L39875974)   To   CameraID:1" 
[INFO] 2023-05-29 12:27:01.712 --> < QEnumMngThread.cpp, line:278 >   "End Enum Devices : CameraType(4)" 
[INFO] 2023-05-29 12:27:01.812 --> < QEnumMngThread.cpp, line:589 >   "MV_CC_EnumDevices Number: 0" 
[INFO] 2023-05-29 12:27:01.813 --> < QEnumMngThread.cpp, line:278 >   "End Enum Devices : CameraType(1)" 
[INFO] 2023-05-29 12:27:31.696 --> < QEnumMngThread.cpp, line:259 >   "Begin Enum Devices : CameraType(1)" 
[DEBUG] 2023-05-29 12:27:31.697 --> < , line:0 >   "execCommand : route -n | grep wlan0" 
[INFO] 2023-05-29 12:27:31.697 --> < QEnumMngThread.cpp, line:259 >   "Begin Enum Devices : CameraType(4)" 
[DEBUG] 2023-05-29 12:27:31.702 --> < , line:0 >   "execCommand : route -n | grep ztr2qrkiag" 
[DEBUG] 2023-05-29 12:27:31.706 --> < , line:0 >   "execCommand : route -n | grep docker0" 
[INFO] 2023-05-29 12:27:31.725 --> < QEnumMngThread.cpp, line:589 >   "MV_CC_EnumDevices Number: 1" 
[INFO] 2023-05-29 12:27:31.725 --> < QEnumMngThread.cpp, line:697 >   "[U3V](chSerialNumber[L39875974])" 
[INFO] 2023-05-29 12:27:31.825 --> < QEnumMngThread.cpp, line:589 >   "MV_CC_EnumDevices Number: 0" 
[INFO] 2023-05-29 12:27:31.825 --> < QEnumMngThread.cpp, line:278 >   "End Enum Devices : CameraType(1)" 
[INFO] 2023-05-29 12:27:31.826 --> < QEnumMngThread.cpp, line:278 >   "End Enum Devices : CameraType(4)" 
[INFO] 2023-05-29 12:27:31.826 --> < MVSDeviceTree.cpp, line:813 >   "CameraName:MV-CS016-10UC (L39875974)   To   CameraID:1" 
[INFO] 2023-05-29 12:28:01.696 --> < QEnumMngThread.cpp, line:259 >   "Begin Enum Devices : CameraType(4)" 
[INFO] 2023-05-29 12:28:01.696 --> < QEnumMngThread.cpp, line:259 >   "Begin Enum Devices : CameraType(1)" 
[DEBUG] 2023-05-29 12:28:01.698 --> < , line:0 >   "execCommand : route -n | grep wlan0" 
[DEBUG] 2023-05-29 12:28:01.704 --> < , line:0 >   "execCommand : route -n | grep ztr2qrkiag" 
[DEBUG] 2023-05-29 12:28:01.708 --> < , line:0 >   "execCommand : route -n | grep docker0" 
[INFO] 2023-05-29 12:28:01.718 --> < QEnumMngThread.cpp, line:589 >   "MV_CC_EnumDevices Number: 1" 
[INFO] 2023-05-29 12:28:01.718 --> < QEnumMngThread.cpp, line:697 >   "[U3V](chSerialNumber[L39875974])" 
[INFO] 2023-05-29 12:28:01.818 --> < QEnumMngThread.cpp, line:589 >   "MV_CC_EnumDevices Number: 0" 
[INFO] 2023-05-29 12:28:01.819 --> < QEnumMngThread.cpp, line:278 >   "End Enum Devices : CameraType(1)" 
[INFO] 2023-05-29 12:28:01.819 --> < QEnumMngThread.cpp, line:278 >   "End Enum Devices : CameraType(4)" 
[INFO] 2023-05-29 12:28:01.819 --> < MVSDeviceTree.cpp, line:813 >   "CameraName:MV-CS016-10UC (L39875974)   To   CameraID:1" 
[INFO] 2023-05-29 12:28:31.696 --> < QEnumMngThread.cpp, line:259 >   "Begin Enum Devices : CameraType(4)" 
[INFO] 2023-05-29 12:28:31.696 --> < QEnumMngThread.cpp, line:259 >   "Begin Enum Devices : CameraType(1)" 
[DEBUG] 2023-05-29 12:28:31.697 --> < , line:0 >   "execCommand : route -n | grep wlan0" 
[DEBUG] 2023-05-29 12:28:31.702 --> < , line:0 >   "execCommand : route -n | grep ztr2qrkiag" 
[DEBUG] 2023-05-29 12:28:31.707 --> < , line:0 >   "execCommand : route -n | grep docker0" 
[INFO] 2023-05-29 12:28:31.725 --> < QEnumMngThread.cpp, line:589 >   "MV_CC_EnumDevices Number: 1" 
[INFO] 2023-05-29 12:28:31.726 --> < QEnumMngThread.cpp, line:697 >   "[U3V](chSerialNumber[L39875974])" 
[INFO] 2023-05-29 12:28:31.826 --> < QEnumMngThread.cpp, line:589 >   "MV_CC_EnumDevices Number: 0" 
[INFO] 2023-05-29 12:28:31.826 --> < QEnumMngThread.cpp, line:278 >   "End Enum Devices : CameraType(1)" 
[INFO] 2023-05-29 12:28:31.826 --> < QEnumMngThread.cpp, line:278 >   "End Enum Devices : CameraType(4)" 
[INFO] 2023-05-29 12:28:31.827 --> < MVSDeviceTree.cpp, line:813 >   "CameraName:MV-CS016-10UC (L39875974)   To   CameraID:1" 
[INFO] 2023-05-29 12:29:01.696 --> < QEnumMngThread.cpp, line:259 >   "Begin Enum Devices : CameraType(1)" 
[INFO] 2023-05-29 12:29:01.696 --> < QEnumMngThread.cpp, line:259 >   "Begin Enum Devices : CameraType(4)" 
[DEBUG] 2023-05-29 12:29:01.697 --> < , line:0 >   "execCommand : route -n | grep wlan0" 
[DEBUG] 2023-05-29 12:29:01.701 --> < , line:0 >   "execCommand : route -n | grep ztr2qrkiag" 
[DEBUG] 2023-05-29 12:29:01.706 --> < , line:0 >   "execCommand : route -n | grep docker0" 
[INFO] 2023-05-29 12:29:01.719 --> < QEnumMngThread.cpp, line:589 >   "MV_CC_EnumDevices Number: 1" 
[INFO] 2023-05-29 12:29:01.719 --> < QEnumMngThread.cpp, line:697 >   "[U3V](chSerialNumber[L39875974])" 
[INFO] 2023-05-29 12:29:01.820 --> < QEnumMngThread.cpp, line:589 >   "MV_CC_EnumDevices Number: 0" 
[INFO] 2023-05-29 12:29:01.820 --> < QEnumMngThread.cpp, line:278 >   "End Enum Devices : CameraType(4)" 
[INFO] 2023-05-29 12:29:01.820 --> < QEnumMngThread.cpp, line:278 >   "End Enum Devices : CameraType(1)" 
[INFO] 2023-05-29 12:29:01.820 --> < MVSDeviceTree.cpp, line:813 >   "CameraName:MV-CS016-10UC (L39875974)   To   CameraID:1" 
[INFO] 2023-05-29 12:29:31.696 --> < QEnumMngThread.cpp, line:259 >   "Begin Enum Devices : CameraType(4)" 
[INFO] 2023-05-29 12:29:31.696 --> < QEnumMngThread.cpp, line:259 >   "Begin Enum Devices : CameraType(1)" 
[DEBUG] 2023-05-29 12:29:31.697 --> < , line:0 >   "execCommand : route -n | grep wlan0" 
[DEBUG] 2023-05-29 12:29:31.701 --> < , line:0 >   "execCommand : route -n | grep ztr2qrkiag" 
[DEBUG] 2023-05-29 12:29:31.706 --> < , line:0 >   "execCommand : route -n | grep docker0" 
[INFO] 2023-05-29 12:29:31.711 --> < QEnumMngThread.cpp, line:589 >   "MV_CC_EnumDevices Number: 1" 
[INFO] 2023-05-29 12:29:31.712 --> < QEnumMngThread.cpp, line:697 >   "[U3V](chSerialNumber[L39875974])" 
[INFO] 2023-05-29 12:29:31.812 --> < QEnumMngThread.cpp, line:589 >   "MV_CC_EnumDevices Number: 0" 
[INFO] 2023-05-29 12:29:31.812 --> < QEnumMngThread.cpp, line:278 >   "End Enum Devices : CameraType(1)" 
[INFO] 2023-05-29 12:29:31.812 --> < QEnumMngThread.cpp, line:278 >   "End Enum Devices : CameraType(4)" 
[INFO] 2023-05-29 12:29:31.813 --> < MVSDeviceTree.cpp, line:813 >   "CameraName:MV-CS016-10UC (L39875974)   To   CameraID:1" 
[INFO] 2023-05-29 12:30:01.697 --> < QEnumMngThread.cpp, line:259 >   "Begin Enum Devices : CameraType(1)" 
[INFO] 2023-05-29 12:30:01.697 --> < QEnumMngThread.cpp, line:259 >   "Begin Enum Devices : CameraType(4)" 
[DEBUG] 2023-05-29 12:30:01.699 --> < , line:0 >   "execCommand : route -n | grep wlan0" 
[INFO] 2023-05-29 12:30:01.711 --> < QEnumMngThread.cpp, line:589 >   "MV_CC_EnumDevices Number: 1" 
[INFO] 2023-05-29 12:30:01.711 --> < QEnumMngThread.cpp, line:697 >   "[U3V](chSerialNumber[L39875974])" 
[DEBUG] 2023-05-29 12:30:01.711 --> < , line:0 >   "execCommand : route -n | grep ztr2qrkiag" 
[INFO] 2023-05-29 12:30:01.712 --> < QEnumMngThread.cpp, line:278 >   "End Enum Devices : CameraType(4)" 
[INFO] 2023-05-29 12:30:01.712 --> < MVSDeviceTree.cpp, line:813 >   "CameraName:MV-CS016-10UC (L39875974)   To   CameraID:1" 
[DEBUG] 2023-05-29 12:30:01.717 --> < , line:0 >   "execCommand : route -n | grep docker0" 
[INFO] 2023-05-29 12:30:01.824 --> < QEnumMngThread.cpp, line:589 >   "MV_CC_EnumDevices Number: 0" 
[INFO] 2023-05-29 12:30:01.825 --> < QEnumMngThread.cpp, line:278 >   "End Enum Devices : CameraType(1)" 
[INFO] 2023-05-29 12:30:31.696 --> < QEnumMngThread.cpp, line:259 >   "Begin Enum Devices : CameraType(1)" 
[INFO] 2023-05-29 12:30:31.696 --> < QEnumMngThread.cpp, line:259 >   "Begin Enum Devices : CameraType(4)" 
[DEBUG] 2023-05-29 12:30:31.697 --> < , line:0 >   "execCommand : route -n | grep wlan0" 
[DEBUG] 2023-05-29 12:30:31.701 --> < , line:0 >   "execCommand : route -n | grep ztr2qrkiag" 
[DEBUG] 2023-05-29 12:30:31.706 --> < , line:0 >   "execCommand : route -n | grep docker0" 
[INFO] 2023-05-29 12:30:31.716 --> < QEnumMngThread.cpp, line:589 >   "MV_CC_EnumDevices Number: 1" 
[INFO] 2023-05-29 12:30:31.716 --> < QEnumMngThread.cpp, line:697 >   "[U3V](chSerialNumber[L39875974])" 
[INFO] 2023-05-29 12:30:31.817 --> < QEnumMngThread.cpp, line:589 >   "MV_CC_EnumDevices Number: 0" 
[INFO] 2023-05-29 12:30:31.817 --> < QEnumMngThread.cpp, line:278 >   "End Enum Devices : CameraType(1)" 
[INFO] 2023-05-29 12:30:31.817 --> < QEnumMngThread.cpp, line:278 >   "End Enum Devices : CameraType(4)" 
[INFO] 2023-05-29 12:30:31.818 --> < MVSDeviceTree.cpp, line:813 >   "CameraName:MV-CS016-10UC (L39875974)   To   CameraID:1" 
[INFO] 2023-05-29 12:31:01.696 --> < QEnumMngThread.cpp, line:259 >   "Begin Enum Devices : CameraType(1)" 
[INFO] 2023-05-29 12:31:01.697 --> < QEnumMngThread.cpp, line:259 >   "Begin Enum Devices : CameraType(4)" 
[DEBUG] 2023-05-29 12:31:01.697 --> < , line:0 >   "execCommand : route -n | grep wlan0" 
[DEBUG] 2023-05-29 12:31:01.702 --> < , line:0 >   "execCommand : route -n | grep ztr2qrkiag" 
[DEBUG] 2023-05-29 12:31:01.706 --> < , line:0 >   "execCommand : route -n | grep docker0" 
[INFO] 2023-05-29 12:31:01.714 --> < QEnumMngThread.cpp, line:589 >   "MV_CC_EnumDevices Number: 1" 
[INFO] 2023-05-29 12:31:01.715 --> < QEnumMngThread.cpp, line:697 >   "[U3V](chSerialNumber[L39875974])" 
[INFO] 2023-05-29 12:31:01.815 --> < QEnumMngThread.cpp, line:589 >   "MV_CC_EnumDevices Number: 0" 
[INFO] 2023-05-29 12:31:01.815 --> < QEnumMngThread.cpp, line:278 >   "End Enum Devices : CameraType(1)" 
[INFO] 2023-05-29 12:31:01.816 --> < MVSDeviceTree.cpp, line:813 >   "CameraName:MV-CS016-10UC (L39875974)   To   CameraID:1" 
[INFO] 2023-05-29 12:31:01.818 --> < QEnumMngThread.cpp, line:278 >   "End Enum Devices : CameraType(4)" 
[INFO] 2023-05-29 12:31:31.696 --> < QEnumMngThread.cpp, line:259 >   "Begin Enum Devices : CameraType(4)" 
[INFO] 2023-05-29 12:31:31.696 --> < QEnumMngThread.cpp, line:259 >   "Begin Enum Devices : CameraType(1)" 
[DEBUG] 2023-05-29 12:31:31.697 --> < , line:0 >   "execCommand : route -n | grep wlan0" 
[DEBUG] 2023-05-29 12:31:31.702 --> < , line:0 >   "execCommand : route -n | grep ztr2qrkiag" 
[DEBUG] 2023-05-29 12:31:31.705 --> < , line:0 >   "execCommand : route -n | grep docker0" 
[INFO] 2023-05-29 12:31:31.711 --> < QEnumMngThread.cpp, line:589 >   "MV_CC_EnumDevices Number: 1" 
[INFO] 2023-05-29 12:31:31.711 --> < QEnumMngThread.cpp, line:697 >   "[U3V](chSerialNumber[L39875974])" 
[INFO] 2023-05-29 12:31:31.712 --> < MVSDeviceTree.cpp, line:813 >   "CameraName:MV-CS016-10UC (L39875974)   To   CameraID:1" 
[INFO] 2023-05-29 12:31:31.715 --> < QEnumMngThread.cpp, line:278 >   "End Enum Devices : CameraType(4)" 
[INFO] 2023-05-29 12:31:31.812 --> < QEnumMngThread.cpp, line:589 >   "MV_CC_EnumDevices Number: 0" 
[INFO] 2023-05-29 12:31:31.813 --> < QEnumMngThread.cpp, line:278 >   "End Enum Devices : CameraType(1)" 
[INFO] 2023-05-29 12:32:01.696 --> < QEnumMngThread.cpp, line:259 >   "Begin Enum Devices : CameraType(1)" 
[INFO] 2023-05-29 12:32:01.696 --> < QEnumMngThread.cpp, line:259 >   "Begin Enum Devices : CameraType(4)" 
[DEBUG] 2023-05-29 12:32:01.698 --> < , line:0 >   "execCommand : route -n | grep wlan0" 
[DEBUG] 2023-05-29 12:32:01.703 --> < , line:0 >   "execCommand : route -n | grep ztr2qrkiag" 
[DEBUG] 2023-05-29 12:32:01.706 --> < , line:0 >   "execCommand : route -n | grep docker0" 
[INFO] 2023-05-29 12:32:01.729 --> < QEnumMngThread.cpp, line:589 >   "MV_CC_EnumDevices Number: 1" 
[INFO] 2023-05-29 12:32:01.729 --> < QEnumMngThread.cpp, line:697 >   "[U3V](chSerialNumber[L39875974])" 
[INFO] 2023-05-29 12:32:01.830 --> < QEnumMngThread.cpp, line:589 >   "MV_CC_EnumDevices Number: 0" 
[INFO] 2023-05-29 12:32:01.830 --> < QEnumMngThread.cpp, line:278 >   "End Enum Devices : CameraType(1)" 
[INFO] 2023-05-29 12:32:01.830 --> < QEnumMngThread.cpp, line:278 >   "End Enum Devices : CameraType(4)" 
[INFO] 2023-05-29 12:32:01.831 --> < MVSDeviceTree.cpp, line:813 >   "CameraName:MV-CS016-10UC (L39875974)   To   CameraID:1" 
[INFO] 2023-05-29 12:32:31.697 --> < QEnumMngThread.cpp, line:259 >   "Begin Enum Devices : CameraType(4)" 
[INFO] 2023-05-29 12:32:31.697 --> < QEnumMngThread.cpp, line:259 >   "Begin Enum Devices : CameraType(1)" 
[DEBUG] 2023-05-29 12:32:31.698 --> < , line:0 >   "execCommand : route -n | grep wlan0" 
[DEBUG] 2023-05-29 12:32:31.704 --> < , line:0 >   "execCommand : route -n | grep ztr2qrkiag" 
[DEBUG] 2023-05-29 12:32:31.707 --> < , line:0 >   "execCommand : route -n | grep docker0" 
[INFO] 2023-05-29 12:32:31.725 --> < QEnumMngThread.cpp, line:589 >   "MV_CC_EnumDevices Number: 1" 
[INFO] 2023-05-29 12:32:31.725 --> < QEnumMngThread.cpp, line:697 >   "[U3V](chSerialNumber[L39875974])" 
[INFO] 2023-05-29 12:32:31.826 --> < QEnumMngThread.cpp, line:589 >   "MV_CC_EnumDevices Number: 0" 
[INFO] 2023-05-29 12:32:31.826 --> < QEnumMngThread.cpp, line:278 >   "End Enum Devices : CameraType(4)" 
[INFO] 2023-05-29 12:32:31.826 --> < QEnumMngThread.cpp, line:278 >   "End Enum Devices : CameraType(1)" 
[INFO] 2023-05-29 12:32:31.826 --> < MVSDeviceTree.cpp, line:813 >   "CameraName:MV-CS016-10UC (L39875974)   To   CameraID:1" 
[INFO] 2023-05-29 12:33:01.697 --> < QEnumMngThread.cpp, line:259 >   "Begin Enum Devices : CameraType(1)" 
[INFO] 2023-05-29 12:33:01.697 --> < QEnumMngThread.cpp, line:259 >   "Begin Enum Devices : CameraType(4)" 
[DEBUG] 2023-05-29 12:33:01.698 --> < , line:0 >   "execCommand : route -n | grep wlan0" 
[DEBUG] 2023-05-29 12:33:01.703 --> < , line:0 >   "execCommand : route -n | grep ztr2qrkiag" 
[DEBUG] 2023-05-29 12:33:01.706 --> < , line:0 >   "execCommand : route -n | grep docker0" 
[INFO] 2023-05-29 12:33:01.716 --> < QEnumMngThread.cpp, line:589 >   "MV_CC_EnumDevices Number: 1" 
[INFO] 2023-05-29 12:33:01.716 --> < QEnumMngThread.cpp, line:697 >   "[U3V](chSerialNumber[L39875974])" 
[INFO] 2023-05-29 12:33:01.817 --> < QEnumMngThread.cpp, line:589 >   "MV_CC_EnumDevices Number: 0" 
[INFO] 2023-05-29 12:33:01.817 --> < QEnumMngThread.cpp, line:278 >   "End Enum Devices : CameraType(1)" 
[INFO] 2023-05-29 12:33:01.817 --> < QEnumMngThread.cpp, line:278 >   "End Enum Devices : CameraType(4)" 
[INFO] 2023-05-29 12:33:01.818 --> < MVSDeviceTree.cpp, line:813 >   "CameraName:MV-CS016-10UC (L39875974)   To   CameraID:1" 
[INFO] 2023-05-29 12:33:31.696 --> < QEnumMngThread.cpp, line:259 >   "Begin Enum Devices : CameraType(1)" 
[INFO] 2023-05-29 12:33:31.697 --> < QEnumMngThread.cpp, line:259 >   "Begin Enum Devices : CameraType(4)" 
[DEBUG] 2023-05-29 12:33:31.697 --> < , line:0 >   "execCommand : route -n | grep wlan0" 
[DEBUG] 2023-05-29 12:33:31.701 --> < , line:0 >   "execCommand : route -n | grep ztr2qrkiag" 
[DEBUG] 2023-05-29 12:33:31.705 --> < , line:0 >   "execCommand : route -n | grep docker0" 
[INFO] 2023-05-29 12:33:31.730 --> < QEnumMngThread.cpp, line:589 >   "MV_CC_EnumDevices Number: 1" 
[INFO] 2023-05-29 12:33:31.730 --> < QEnumMngThread.cpp, line:697 >   "[U3V](chSerialNumber[L39875974])" 
[INFO] 2023-05-29 12:33:31.731 --> < QEnumMngThread.cpp, line:278 >   "End Enum Devices : CameraType(4)" 
[INFO] 2023-05-29 12:33:31.731 --> < MVSDeviceTree.cpp, line:813 >   "CameraName:MV-CS016-10UC (L39875974)   To   CameraID:1" 
[INFO] 2023-05-29 12:33:31.831 --> < QEnumMngThread.cpp, line:589 >   "MV_CC_EnumDevices Number: 0" 
[INFO] 2023-05-29 12:33:31.832 --> < QEnumMngThread.cpp, line:278 >   "End Enum Devices : CameraType(1)" 
[INFO] 2023-05-29 12:34:01.697 --> < QEnumMngThread.cpp, line:259 >   "Begin Enum Devices : CameraType(4)" 
[INFO] 2023-05-29 12:34:01.697 --> < QEnumMngThread.cpp, line:259 >   "Begin Enum Devices : CameraType(1)" 
[DEBUG] 2023-05-29 12:34:01.698 --> < , line:0 >   "execCommand : route -n | grep wlan0" 
[DEBUG] 2023-05-29 12:34:01.702 --> < , line:0 >   "execCommand : route -n | grep ztr2qrkiag" 
[DEBUG] 2023-05-29 12:34:01.706 --> < , line:0 >   "execCommand : route -n | grep docker0" 
[INFO] 2023-05-29 12:34:01.720 --> < QEnumMngThread.cpp, line:589 >   "MV_CC_EnumDevices Number: 1" 
[INFO] 2023-05-29 12:34:01.721 --> < QEnumMngThread.cpp, line:697 >   "[U3V](chSerialNumber[L39875974])" 
[INFO] 2023-05-29 12:34:01.721 --> < QEnumMngThread.cpp, line:278 >   "End Enum Devices : CameraType(4)" 
[INFO] 2023-05-29 12:34:01.721 --> < MVSDeviceTree.cpp, line:813 >   "CameraName:MV-CS016-10UC (L39875974)   To   CameraID:1" 
[INFO] 2023-05-29 12:34:01.822 --> < QEnumMngThread.cpp, line:589 >   "MV_CC_EnumDevices Number: 0" 
[INFO] 2023-05-29 12:34:01.822 --> < QEnumMngThread.cpp, line:278 >   "End Enum Devices : CameraType(1)" 
[INFO] 2023-05-29 12:34:31.697 --> < QEnumMngThread.cpp, line:259 >   "Begin Enum Devices : CameraType(1)" 
[INFO] 2023-05-29 12:34:31.697 --> < QEnumMngThread.cpp, line:259 >   "Begin Enum Devices : CameraType(4)" 
[DEBUG] 2023-05-29 12:34:31.697 --> < , line:0 >   "execCommand : route -n | grep wlan0" 
[DEBUG] 2023-05-29 12:34:31.705 --> < , line:0 >   "execCommand : route -n | grep ztr2qrkiag" 
[DEBUG] 2023-05-29 12:34:31.709 --> < , line:0 >   "execCommand : route -n | grep docker0" 
[INFO] 2023-05-29 12:34:31.724 --> < QEnumMngThread.cpp, line:589 >   "MV_CC_EnumDevices Number: 1" 
[INFO] 2023-05-29 12:34:31.725 --> < QEnumMngThread.cpp, line:697 >   "[U3V](chSerialNumber[L39875974])" 
[INFO] 2023-05-29 12:34:31.825 --> < QEnumMngThread.cpp, line:589 >   "MV_CC_EnumDevices Number: 0" 
[INFO] 2023-05-29 12:34:31.826 --> < QEnumMngThread.cpp, line:278 >   "End Enum Devices : CameraType(1)" 
[INFO] 2023-05-29 12:34:31.826 --> < QEnumMngThread.cpp, line:278 >   "End Enum Devices : CameraType(4)" 
[INFO] 2023-05-29 12:34:31.826 --> < MVSDeviceTree.cpp, line:813 >   "CameraName:MV-CS016-10UC (L39875974)   To   CameraID:1" 
[INFO] 2023-05-29 12:35:01.696 --> < QEnumMngThread.cpp, line:259 >   "Begin Enum Devices : CameraType(1)" 
[DEBUG] 2023-05-29 12:35:01.697 --> < , line:0 >   "execCommand : route -n | grep wlan0" 
[INFO] 2023-05-29 12:35:01.698 --> < QEnumMngThread.cpp, line:259 >   "Begin Enum Devices : CameraType(4)" 
[DEBUG] 2023-05-29 12:35:01.706 --> < , line:0 >   "execCommand : route -n | grep ztr2qrkiag" 
[DEBUG] 2023-05-29 12:35:01.712 --> < , line:0 >   "execCommand : route -n | grep docker0" 
[INFO] 2023-05-29 12:35:01.714 --> < QEnumMngThread.cpp, line:589 >   "MV_CC_EnumDevices Number: 1" 
[INFO] 2023-05-29 12:35:01.714 --> < QEnumMngThread.cpp, line:697 >   "[U3V](chSerialNumber[L39875974])" 
[INFO] 2023-05-29 12:35:01.716 --> < QEnumMngThread.cpp, line:278 >   "End Enum Devices : CameraType(4)" 
[INFO] 2023-05-29 12:35:01.717 --> < MVSDeviceTree.cpp, line:813 >   "CameraName:MV-CS016-10UC (L39875974)   To   CameraID:1" 
[INFO] 2023-05-29 12:35:01.821 --> < QEnumMngThread.cpp, line:589 >   "MV_CC_EnumDevices Number: 0" 
[INFO] 2023-05-29 12:35:01.821 --> < QEnumMngThread.cpp, line:278 >   "End Enum Devices : CameraType(1)" 
[INFO] 2023-05-29 12:35:31.697 --> < QEnumMngThread.cpp, line:259 >   "Begin Enum Devices : CameraType(1)" 
[INFO] 2023-05-29 12:35:31.697 --> < QEnumMngThread.cpp, line:259 >   "Begin Enum Devices : CameraType(4)" 
[DEBUG] 2023-05-29 12:35:31.698 --> < , line:0 >   "execCommand : route -n | grep wlan0" 
[DEBUG] 2023-05-29 12:35:31.703 --> < , line:0 >   "execCommand : route -n | grep ztr2qrkiag" 
[DEBUG] 2023-05-29 12:35:31.707 --> < , line:0 >   "execCommand : route -n | grep docker0" 
[INFO] 2023-05-29 12:35:31.715 --> < QEnumMngThread.cpp, line:589 >   "MV_CC_EnumDevices Number: 1" 
[INFO] 2023-05-29 12:35:31.715 --> < QEnumMngThread.cpp, line:697 >   "[U3V](chSerialNumber[L39875974])" 
[INFO] 2023-05-29 12:35:31.816 --> < QEnumMngThread.cpp, line:589 >   "MV_CC_EnumDevices Number: 0" 
[INFO] 2023-05-29 12:35:31.816 --> < QEnumMngThread.cpp, line:278 >   "End Enum Devices : CameraType(1)" 
[INFO] 2023-05-29 12:35:31.816 --> < QEnumMngThread.cpp, line:278 >   "End Enum Devices : CameraType(4)" 
[INFO] 2023-05-29 12:35:31.817 --> < MVSDeviceTree.cpp, line:813 >   "CameraName:MV-CS016-10UC (L39875974)   To   CameraID:1" 
[INFO] 2023-05-29 12:36:01.696 --> < QEnumMngThread.cpp, line:259 >   "Begin Enum Devices : CameraType(4)" 
[INFO] 2023-05-29 12:36:01.696 --> < QEnumMngThread.cpp, line:259 >   "Begin Enum Devices : CameraType(1)" 
[DEBUG] 2023-05-29 12:36:01.697 --> < , line:0 >   "execCommand : route -n | grep wlan0" 
[DEBUG] 2023-05-29 12:36:01.703 --> < , line:0 >   "execCommand : route -n | grep ztr2qrkiag" 
[INFO] 2023-05-29 12:36:01.708 --> < QEnumMngThread.cpp, line:589 >   "MV_CC_EnumDevices Number: 1" 
[INFO] 2023-05-29 12:36:01.708 --> < QEnumMngThread.cpp, line:697 >   "[U3V](chSerialNumber[L39875974])" 
[DEBUG] 2023-05-29 12:36:01.708 --> < , line:0 >   "execCommand : route -n | grep docker0" 
[INFO] 2023-05-29 12:36:01.709 --> < QEnumMngThread.cpp, line:278 >   "End Enum Devices : CameraType(4)" 
[INFO] 2023-05-29 12:36:01.709 --> < MVSDeviceTree.cpp, line:813 >   "CameraName:MV-CS016-10UC (L39875974)   To   CameraID:1" 
[INFO] 2023-05-29 12:36:01.814 --> < QEnumMngThread.cpp, line:589 >   "MV_CC_EnumDevices Number: 0" 
[INFO] 2023-05-29 12:36:01.814 --> < QEnumMngThread.cpp, line:278 >   "End Enum Devices : CameraType(1)" 
[INFO] 2023-05-29 12:36:31.697 --> < QEnumMngThread.cpp, line:259 >   "Begin Enum Devices : CameraType(1)" 
[INFO] 2023-05-29 12:36:31.697 --> < QEnumMngThread.cpp, line:259 >   "Begin Enum Devices : CameraType(4)" 
[DEBUG] 2023-05-29 12:36:31.698 --> < , line:0 >   "execCommand : route -n | grep wlan0" 
[DEBUG] 2023-05-29 12:36:31.706 --> < , line:0 >   "execCommand : route -n | grep ztr2qrkiag" 
[INFO] 2023-05-29 12:36:31.712 --> < QEnumMngThread.cpp, line:589 >   "MV_CC_EnumDevices Number: 1" 
[INFO] 2023-05-29 12:36:31.712 --> < QEnumMngThread.cpp, line:697 >   "[U3V](chSerialNumber[L39875974])" 
[INFO] 2023-05-29 12:36:31.714 --> < QEnumMngThread.cpp, line:278 >   "End Enum Devices : CameraType(4)" 
[INFO] 2023-05-29 12:36:31.714 --> < MVSDeviceTree.cpp, line:813 >   "CameraName:MV-CS016-10UC (L39875974)   To   CameraID:1" 
[DEBUG] 2023-05-29 12:36:31.717 --> < , line:0 >   "execCommand : route -n | grep docker0" 
[INFO] 2023-05-29 12:36:31.830 --> < QEnumMngThread.cpp, line:589 >   "MV_CC_EnumDevices Number: 0" 
[INFO] 2023-05-29 12:36:31.831 --> < QEnumMngThread.cpp, line:278 >   "End Enum Devices : CameraType(1)" 
[INFO] 2023-05-29 12:37:01.696 --> < QEnumMngThread.cpp, line:259 >   "Begin Enum Devices : CameraType(4)" 
[INFO] 2023-05-29 12:37:01.698 --> < QEnumMngThread.cpp, line:259 >   "Begin Enum Devices : CameraType(1)" 
[DEBUG] 2023-05-29 12:37:01.699 --> < , line:0 >   "execCommand : route -n | grep wlan0" 
[DEBUG] 2023-05-29 12:37:01.708 --> < , line:0 >   "execCommand : route -n | grep ztr2qrkiag" 
[DEBUG] 2023-05-29 12:37:01.721 --> < , line:0 >   "execCommand : route -n | grep docker0" 
[INFO] 2023-05-29 12:37:01.722 --> < QEnumMngThread.cpp, line:589 >   "MV_CC_EnumDevices Number: 1" 
[INFO] 2023-05-29 12:37:01.722 --> < QEnumMngThread.cpp, line:697 >   "[U3V](chSerialNumber[L39875974])" 
[INFO] 2023-05-29 12:37:01.724 --> < MVSDeviceTree.cpp, line:813 >   "CameraName:MV-CS016-10UC (L39875974)   To   CameraID:1" 
[INFO] 2023-05-29 12:37:01.727 --> < QEnumMngThread.cpp, line:278 >   "End Enum Devices : CameraType(4)" 
[INFO] 2023-05-29 12:37:01.836 --> < QEnumMngThread.cpp, line:589 >   "MV_CC_EnumDevices Number: 0" 
[INFO] 2023-05-29 12:37:01.836 --> < QEnumMngThread.cpp, line:278 >   "End Enum Devices : CameraType(1)" 
[INFO] 2023-05-29 12:37:31.696 --> < QEnumMngThread.cpp, line:259 >   "Begin Enum Devices : CameraType(4)" 
[INFO] 2023-05-29 12:37:31.696 --> < QEnumMngThread.cpp, line:259 >   "Begin Enum Devices : CameraType(1)" 
[DEBUG] 2023-05-29 12:37:31.697 --> < , line:0 >   "execCommand : route -n | grep wlan0" 
[DEBUG] 2023-05-29 12:37:31.703 --> < , line:0 >   "execCommand : route -n | grep ztr2qrkiag" 
[DEBUG] 2023-05-29 12:37:31.707 --> < , line:0 >   "execCommand : route -n | grep docker0" 
[INFO] 2023-05-29 12:37:31.719 --> < QEnumMngThread.cpp, line:589 >   "MV_CC_EnumDevices Number: 1" 
[INFO] 2023-05-29 12:37:31.720 --> < QEnumMngThread.cpp, line:697 >   "[U3V](chSerialNumber[L39875974])" 
[INFO] 2023-05-29 12:37:31.820 --> < QEnumMngThread.cpp, line:589 >   "MV_CC_EnumDevices Number: 0" 
[INFO] 2023-05-29 12:37:31.820 --> < QEnumMngThread.cpp, line:278 >   "End Enum Devices : CameraType(1)" 
[INFO] 2023-05-29 12:37:31.821 --> < MVSDeviceTree.cpp, line:813 >   "CameraName:MV-CS016-10UC (L39875974)   To   CameraID:1" 
[INFO] 2023-05-29 12:37:31.822 --> < QEnumMngThread.cpp, line:278 >   "End Enum Devices : CameraType(4)" 
[INFO] 2023-05-29 12:38:01.696 --> < QEnumMngThread.cpp, line:259 >   "Begin Enum Devices : CameraType(1)" 
[DEBUG] 2023-05-29 12:38:01.698 --> < , line:0 >   "execCommand : route -n | grep wlan0" 
[INFO] 2023-05-29 12:38:01.701 --> < QEnumMngThread.cpp, line:259 >   "Begin Enum Devices : CameraType(4)" 
[DEBUG] 2023-05-29 12:38:01.715 --> < , line:0 >   "execCommand : route -n | grep ztr2qrkiag" 
[DEBUG] 2023-05-29 12:38:01.732 --> < , line:0 >   "execCommand : route -n | grep docker0" 
[INFO] 2023-05-29 12:38:01.742 --> < QEnumMngThread.cpp, line:589 >   "MV_CC_EnumDevices Number: 1" 
[INFO] 2023-05-29 12:38:01.742 --> < QEnumMngThread.cpp, line:697 >   "[U3V](chSerialNumber[L39875974])" 
[INFO] 2023-05-29 12:38:01.744 --> < QEnumMngThread.cpp, line:278 >   "End Enum Devices : CameraType(4)" 
[INFO] 2023-05-29 12:38:01.747 --> < MVSDeviceTree.cpp, line:813 >   "CameraName:MV-CS016-10UC (L39875974)   To   CameraID:1" 
[INFO] 2023-05-29 12:38:01.846 --> < QEnumMngThread.cpp, line:589 >   "MV_CC_EnumDevices Number: 0" 
[INFO] 2023-05-29 12:38:01.847 --> < QEnumMngThread.cpp, line:278 >   "End Enum Devices : CameraType(1)" 
[INFO] 2023-05-29 12:38:31.696 --> < QEnumMngThread.cpp, line:259 >   "Begin Enum Devices : CameraType(1)" 
[INFO] 2023-05-29 12:38:31.696 --> < QEnumMngThread.cpp, line:259 >   "Begin Enum Devices : CameraType(4)" 
[DEBUG] 2023-05-29 12:38:31.697 --> < , line:0 >   "execCommand : route -n | grep wlan0" 
[DEBUG] 2023-05-29 12:38:31.702 --> < , line:0 >   "execCommand : route -n | grep ztr2qrkiag" 
[DEBUG] 2023-05-29 12:38:31.708 --> < , line:0 >   "execCommand : route -n | grep docker0" 
[INFO] 2023-05-29 12:38:31.719 --> < QEnumMngThread.cpp, line:589 >   "MV_CC_EnumDevices Number: 1" 
[INFO] 2023-05-29 12:38:31.719 --> < QEnumMngThread.cpp, line:697 >   "[U3V](chSerialNumber[L39875974])" 
[INFO] 2023-05-29 12:38:31.819 --> < QEnumMngThread.cpp, line:589 >   "MV_CC_EnumDevices Number: 0" 
[INFO] 2023-05-29 12:38:31.820 --> < QEnumMngThread.cpp, line:278 >   "End Enum Devices : CameraType(1)" 
[INFO] 2023-05-29 12:38:31.820 --> < QEnumMngThread.cpp, line:278 >   "End Enum Devices : CameraType(4)" 
[INFO] 2023-05-29 12:38:31.820 --> < MVSDeviceTree.cpp, line:813 >   "CameraName:MV-CS016-10UC (L39875974)   To   CameraID:1" 
[INFO] 2023-05-29 12:39:01.696 --> < QEnumMngThread.cpp, line:259 >   "Begin Enum Devices : CameraType(4)" 
[INFO] 2023-05-29 12:39:01.696 --> < QEnumMngThread.cpp, line:259 >   "Begin Enum Devices : CameraType(1)" 
[DEBUG] 2023-05-29 12:39:01.697 --> < , line:0 >   "execCommand : route -n | grep wlan0" 
[DEBUG] 2023-05-29 12:39:01.705 --> < , line:0 >   "execCommand : route -n | grep ztr2qrkiag" 
[DEBUG] 2023-05-29 12:39:01.711 --> < , line:0 >   "execCommand : route -n | grep docker0" 
[INFO] 2023-05-29 12:39:01.734 --> < QEnumMngThread.cpp, line:589 >   "MV_CC_EnumDevices Number: 1" 
[INFO] 2023-05-29 12:39:01.735 --> < QEnumMngThread.cpp, line:697 >   "[U3V](chSerialNumber[L39875974])" 
[INFO] 2023-05-29 12:39:01.835 --> < QEnumMngThread.cpp, line:589 >   "MV_CC_EnumDevices Number: 0" 
[INFO] 2023-05-29 12:39:01.835 --> < QEnumMngThread.cpp, line:278 >   "End Enum Devices : CameraType(1)" 
[INFO] 2023-05-29 12:39:01.836 --> < QEnumMngThread.cpp, line:278 >   "End Enum Devices : CameraType(4)" 
[INFO] 2023-05-29 12:39:01.836 --> < MVSDeviceTree.cpp, line:813 >   "CameraName:MV-CS016-10UC (L39875974)   To   CameraID:1" 
[INFO] 2023-05-29 12:39:31.696 --> < QEnumMngThread.cpp, line:259 >   "Begin Enum Devices : CameraType(1)" 
[INFO] 2023-05-29 12:39:31.696 --> < QEnumMngThread.cpp, line:259 >   "Begin Enum Devices : CameraType(4)" 
[DEBUG] 2023-05-29 12:39:31.698 --> < , line:0 >   "execCommand : route -n | grep wlan0" 
[DEBUG] 2023-05-29 12:39:31.703 --> < , line:0 >   "execCommand : route -n | grep ztr2qrkiag" 
[INFO] 2023-05-29 12:39:31.707 --> < QEnumMngThread.cpp, line:589 >   "MV_CC_EnumDevices Number: 1" 
[INFO] 2023-05-29 12:39:31.707 --> < QEnumMngThread.cpp, line:697 >   "[U3V](chSerialNumber[L39875974])" 
[DEBUG] 2023-05-29 12:39:31.708 --> < , line:0 >   "execCommand : route -n | grep docker0" 
[INFO] 2023-05-29 12:39:31.710 --> < QEnumMngThread.cpp, line:278 >   "End Enum Devices : CameraType(4)" 
[INFO] 2023-05-29 12:39:31.710 --> < MVSDeviceTree.cpp, line:813 >   "CameraName:MV-CS016-10UC (L39875974)   To   CameraID:1" 
[INFO] 2023-05-29 12:39:31.820 --> < QEnumMngThread.cpp, line:589 >   "MV_CC_EnumDevices Number: 0" 
[INFO] 2023-05-29 12:39:31.820 --> < QEnumMngThread.cpp, line:278 >   "End Enum Devices : CameraType(1)" 
[INFO] 2023-05-29 12:40:01.697 --> < QEnumMngThread.cpp, line:259 >   "Begin Enum Devices : CameraType(1)" 
[INFO] 2023-05-29 12:40:01.697 --> < QEnumMngThread.cpp, line:259 >   "Begin Enum Devices : CameraType(4)" 
[DEBUG] 2023-05-29 12:40:01.698 --> < , line:0 >   "execCommand : route -n | grep wlan0" 
[DEBUG] 2023-05-29 12:40:01.703 --> < , line:0 >   "execCommand : route -n | grep ztr2qrkiag" 
[DEBUG] 2023-05-29 12:40:01.707 --> < , line:0 >   "execCommand : route -n | grep docker0" 
[INFO] 2023-05-29 12:40:01.717 --> < QEnumMngThread.cpp, line:589 >   "MV_CC_EnumDevices Number: 1" 
[INFO] 2023-05-29 12:40:01.718 --> < QEnumMngThread.cpp, line:697 >   "[U3V](chSerialNumber[L39875974])" 
[INFO] 2023-05-29 12:40:01.817 --> < QEnumMngThread.cpp, line:589 >   "MV_CC_EnumDevices Number: 0" 
[INFO] 2023-05-29 12:40:01.817 --> < QEnumMngThread.cpp, line:278 >   "End Enum Devices : CameraType(1)" 
[INFO] 2023-05-29 12:40:01.818 --> < MVSDeviceTree.cpp, line:813 >   "CameraName:MV-CS016-10UC (L39875974)   To   CameraID:1" 
[INFO] 2023-05-29 12:40:01.820 --> < QEnumMngThread.cpp, line:278 >   "End Enum Devices : CameraType(4)" 
[INFO] 2023-05-29 12:40:31.697 --> < QEnumMngThread.cpp, line:259 >   "Begin Enum Devices : CameraType(4)" 
[INFO] 2023-05-29 12:40:31.697 --> < QEnumMngThread.cpp, line:259 >   "Begin Enum Devices : CameraType(1)" 
[DEBUG] 2023-05-29 12:40:31.698 --> < , line:0 >   "execCommand : route -n | grep wlan0" 
[DEBUG] 2023-05-29 12:40:31.703 --> < , line:0 >   "execCommand : route -n | grep ztr2qrkiag" 
[DEBUG] 2023-05-29 12:40:31.707 --> < , line:0 >   "execCommand : route -n | grep docker0" 
[INFO] 2023-05-29 12:40:31.716 --> < QEnumMngThread.cpp, line:589 >   "MV_CC_EnumDevices Number: 1" 
[INFO] 2023-05-29 12:40:31.716 --> < QEnumMngThread.cpp, line:697 >   "[U3V](chSerialNumber[L39875974])" 
[INFO] 2023-05-29 12:40:31.816 --> < QEnumMngThread.cpp, line:589 >   "MV_CC_EnumDevices Number: 0" 
[INFO] 2023-05-29 12:40:31.817 --> < QEnumMngThread.cpp, line:278 >   "End Enum Devices : CameraType(1)" 
[INFO] 2023-05-29 12:40:31.817 --> < QEnumMngThread.cpp, line:278 >   "End Enum Devices : CameraType(4)" 
[INFO] 2023-05-29 12:40:31.817 --> < MVSDeviceTree.cpp, line:813 >   "CameraName:MV-CS016-10UC (L39875974)   To   CameraID:1" 
[INFO] 2023-05-29 12:41:01.696 --> < QEnumMngThread.cpp, line:259 >   "Begin Enum Devices : CameraType(1)" 
[INFO] 2023-05-29 12:41:01.696 --> < QEnumMngThread.cpp, line:259 >   "Begin Enum Devices : CameraType(4)" 
[DEBUG] 2023-05-29 12:41:01.697 --> < , line:0 >   "execCommand : route -n | grep wlan0" 
[DEBUG] 2023-05-29 12:41:01.704 --> < , line:0 >   "execCommand : route -n | grep ztr2qrkiag" 
[DEBUG] 2023-05-29 12:41:01.716 --> < , line:0 >   "execCommand : route -n | grep docker0" 
[INFO] 2023-05-29 12:41:01.728 --> < QEnumMngThread.cpp, line:589 >   "MV_CC_EnumDevices Number: 1" 
[INFO] 2023-05-29 12:41:01.729 --> < QEnumMngThread.cpp, line:697 >   "[U3V](chSerialNumber[L39875974])" 
[INFO] 2023-05-29 12:41:01.829 --> < QEnumMngThread.cpp, line:589 >   "MV_CC_EnumDevices Number: 0" 
[INFO] 2023-05-29 12:41:01.829 --> < QEnumMngThread.cpp, line:278 >   "End Enum Devices : CameraType(1)" 
[INFO] 2023-05-29 12:41:01.830 --> < MVSDeviceTree.cpp, line:813 >   "CameraName:MV-CS016-10UC (L39875974)   To   CameraID:1" 
[INFO] 2023-05-29 12:41:01.830 --> < QEnumMngThread.cpp, line:278 >   "End Enum Devices : CameraType(4)" 
[INFO] 2023-05-29 12:41:31.697 --> < QEnumMngThread.cpp, line:259 >   "Begin Enum Devices : CameraType(1)" 
[INFO] 2023-05-29 12:41:31.697 --> < QEnumMngThread.cpp, line:259 >   "Begin Enum Devices : CameraType(4)" 
[DEBUG] 2023-05-29 12:41:31.698 --> < , line:0 >   "execCommand : route -n | grep wlan0" 
[DEBUG] 2023-05-29 12:41:31.702 --> < , line:0 >   "execCommand : route -n | grep ztr2qrkiag" 
[DEBUG] 2023-05-29 12:41:31.710 --> < , line:0 >   "execCommand : route -n | grep docker0" 
[INFO] 2023-05-29 12:41:31.723 --> < QEnumMngThread.cpp, line:589 >   "MV_CC_EnumDevices Number: 1" 
[INFO] 2023-05-29 12:41:31.723 --> < QEnumMngThread.cpp, line:697 >   "[U3V](chSerialNumber[L39875974])" 
[INFO] 2023-05-29 12:41:31.824 --> < QEnumMngThread.cpp, line:589 >   "MV_CC_EnumDevices Number: 0" 
[INFO] 2023-05-29 12:41:31.824 --> < QEnumMngThread.cpp, line:278 >   "End Enum Devices : CameraType(1)" 
[INFO] 2023-05-29 12:41:31.824 --> < QEnumMngThread.cpp, line:278 >   "End Enum Devices : CameraType(4)" 
[INFO] 2023-05-29 12:41:31.824 --> < MVSDeviceTree.cpp, line:813 >   "CameraName:MV-CS016-10UC (L39875974)   To   CameraID:1" 
[INFO] 2023-05-29 12:42:01.697 --> < QEnumMngThread.cpp, line:259 >   "Begin Enum Devices : CameraType(1)" 
[INFO] 2023-05-29 12:42:01.697 --> < QEnumMngThread.cpp, line:259 >   "Begin Enum Devices : CameraType(4)" 
[DEBUG] 2023-05-29 12:42:01.697 --> < , line:0 >   "execCommand : route -n | grep wlan0" 
[DEBUG] 2023-05-29 12:42:01.703 --> < , line:0 >   "execCommand : route -n | grep ztr2qrkiag" 
[DEBUG] 2023-05-29 12:42:01.709 --> < , line:0 >   "execCommand : route -n | grep docker0" 
[INFO] 2023-05-29 12:42:01.722 --> < QEnumMngThread.cpp, line:589 >   "MV_CC_EnumDevices Number: 1" 
[INFO] 2023-05-29 12:42:01.722 --> < QEnumMngThread.cpp, line:697 >   "[U3V](chSerialNumber[L39875974])" 
[INFO] 2023-05-29 12:42:01.822 --> < QEnumMngThread.cpp, line:589 >   "MV_CC_EnumDevices Number: 0" 
[INFO] 2023-05-29 12:42:01.823 --> < QEnumMngThread.cpp, line:278 >   "End Enum Devices : CameraType(1)" 
[INFO] 2023-05-29 12:42:01.823 --> < QEnumMngThread.cpp, line:278 >   "End Enum Devices : CameraType(4)" 
[INFO] 2023-05-29 12:42:01.823 --> < MVSDeviceTree.cpp, line:813 >   "CameraName:MV-CS016-10UC (L39875974)   To   CameraID:1" 
[INFO] 2023-05-29 12:42:31.712 --> < QEnumMngThread.cpp, line:259 >   "Begin Enum Devices : CameraType(1)" 
[DEBUG] 2023-05-29 12:42:31.712 --> < , line:0 >   "execCommand : route -n | grep wlan0" 
[INFO] 2023-05-29 12:42:31.720 --> < QEnumMngThread.cpp, line:259 >   "Begin Enum Devices : CameraType(4)" 
[DEBUG] 2023-05-29 12:42:31.722 --> < , line:0 >   "execCommand : route -n | grep ztr2qrkiag" 
[DEBUG] 2023-05-29 12:42:31.746 --> < , line:0 >   "execCommand : route -n | grep docker0" 
[INFO] 2023-05-29 12:42:31.755 --> < QEnumMngThread.cpp, line:589 >   "MV_CC_EnumDevices Number: 1" 
[INFO] 2023-05-29 12:42:31.756 --> < QEnumMngThread.cpp, line:697 >   "[U3V](chSerialNumber[L39875974])" 
[INFO] 2023-05-29 12:42:31.760 --> < QEnumMngThread.cpp, line:278 >   "End Enum Devices : CameraType(4)" 
[INFO] 2023-05-29 12:42:31.778 --> < MVSDeviceTree.cpp, line:813 >   "CameraName:MV-CS016-10UC (L39875974)   To   CameraID:1" 
[INFO] 2023-05-29 12:42:31.865 --> < QEnumMngThread.cpp, line:589 >   "MV_CC_EnumDevices Number: 0" 
[INFO] 2023-05-29 12:42:31.866 --> < QEnumMngThread.cpp, line:278 >   "End Enum Devices : CameraType(1)" 
[INFO] 2023-05-29 12:43:01.699 --> < QEnumMngThread.cpp, line:259 >   "Begin Enum Devices : CameraType(4)" 
[INFO] 2023-05-29 12:43:01.700 --> < QEnumMngThread.cpp, line:259 >   "Begin Enum Devices : CameraType(1)" 
[DEBUG] 2023-05-29 12:43:01.700 --> < , line:0 >   "execCommand : route -n | grep wlan0" 
[DEBUG] 2023-05-29 12:43:01.707 --> < , line:0 >   "execCommand : route -n | grep ztr2qrkiag" 
[DEBUG] 2023-05-29 12:43:01.711 --> < , line:0 >   "execCommand : route -n | grep docker0" 
[INFO] 2023-05-29 12:43:01.724 --> < QEnumMngThread.cpp, line:589 >   "MV_CC_EnumDevices Number: 1" 
[INFO] 2023-05-29 12:43:01.724 --> < QEnumMngThread.cpp, line:697 >   "[U3V](chSerialNumber[L39875974])" 
[INFO] 2023-05-29 12:43:01.825 --> < QEnumMngThread.cpp, line:589 >   "MV_CC_EnumDevices Number: 0" 
[INFO] 2023-05-29 12:43:01.825 --> < QEnumMngThread.cpp, line:278 >   "End Enum Devices : CameraType(4)" 
[INFO] 2023-05-29 12:43:01.825 --> < MVSDeviceTree.cpp, line:813 >   "CameraName:MV-CS016-10UC (L39875974)   To   CameraID:1" 
[INFO] 2023-05-29 12:43:01.826 --> < QEnumMngThread.cpp, line:278 >   "End Enum Devices : CameraType(1)" 
