[ERROR] 2023-06-30 23:07:22.649 --> < CommonInterface.cpp, line:477 >   loadFavoritesXml failed. 
[WARN] 2023-06-30 23:07:22.730 --> < , line:0 >   QLayout: Cannot add a null widget to QVBoxLayout/ 
[ERROR] 2023-06-30 23:07:28.857 --> < QCameraControl.cpp, line:683 >   "Operate Feature Failed; NodeName : ChunkModeActive;  ErrorCode : ffffffff80000100" 
[WARN] 2023-06-30 23:07:29.117 --> < , line:0 >   QLayout: Cannot add parent widget QFrame/ to its child layout QHBoxLayout/ 
[ERROR] 2023-06-30 23:07:29.119 --> < QCameraControl.cpp, line:630 >   "Operate Feature Failed; NodeName : ImageCompressionMode;  ErrorCode : ffffffff80000106" 
[WARN] 2023-06-30 23:07:29.152 --> < , line:0 >   QFont::setPixelSize: Pixel size <= 0 (-1) 
[ERROR] 2023-06-30 23:07:31.378 --> < QCameraControl.cpp, line:683 >   "Operate Feature Failed; NodeName : ChunkModeActive;  ErrorCode : ffffffff80000100" 
[ERROR] 2023-06-30 23:07:31.378 --> < QCameraControl.cpp, line:522 >   "Operate Feature Failed; NodeName : GevSCPSPacketSize;  ErrorCode : ffffffff80000100" 
[WARN] 2023-06-30 23:07:33.022 --> < , line:0 >   QFont::setPixelSize: Pixel size <= 0 (-1) 
[WARN] 2023-06-30 23:07:33.070 --> < , line:0 >   QFont::setPixelSize: Pixel size <= 0 (-1) 
[WARN] 2023-06-30 23:07:36.557 --> < , line:0 >   QFont::setPixelSize: Pixel size <= 0 (-1) 
[WARN] 2023-06-30 23:07:36.573 --> < , line:0 >   QFont::setPixelSize: Pixel size <= 0 (-1) 
[WARN] 2023-06-30 23:07:42.752 --> < , line:0 >   QFont::setPixelSize: Pixel size <= 0 (-1) 
[ERROR] 2023-06-30 23:51:03.020 --> < QCameraControl.cpp, line:683 >   "Operate Feature Failed; NodeName : ChunkModeActive;  ErrorCode : ffffffff80000100" 
[WARN] 2023-06-30 23:51:03.272 --> < , line:0 >   QLayout: Cannot add parent widget QFrame/ to its child layout QHBoxLayout/ 
[ERROR] 2023-06-30 23:51:03.274 --> < QCameraControl.cpp, line:630 >   "Operate Feature Failed; NodeName : ImageCompressionMode;  ErrorCode : ffffffff80000106" 
[WARN] 2023-06-30 23:51:03.301 --> < , line:0 >   QFont::setPixelSize: Pixel size <= 0 (-1) 
[ERROR] 2023-06-30 23:51:05.145 --> < QCameraControl.cpp, line:683 >   "Operate Feature Failed; NodeName : ChunkModeActive;  ErrorCode : ffffffff80000100" 
[ERROR] 2023-06-30 23:51:05.146 --> < QCameraControl.cpp, line:522 >   "Operate Feature Failed; NodeName : GevSCPSPacketSize;  ErrorCode : ffffffff80000100" 
[ERROR] 2023-06-30 23:51:15.275 --> < QCameraControl.cpp, line:630 >   "Operate Feature Failed; NodeName : ImageCompressionMode;  ErrorCode : ffffffff80000106" 
[ERROR] 2023-06-30 23:51:15.275 --> < QCameraControl.cpp, line:630 >   "Operate Feature Failed; NodeName : ImageCompressionMode;  ErrorCode : ffffffff80000106" 
[WARN] 2023-06-30 23:51:15.304 --> < , line:0 >   QPainter::begin: Paint device returned engine == 0, type: 2 
[WARN] 2023-06-30 23:51:15.304 --> < , line:0 >   QPainter::setRenderHint: Painter must be active to set rendering hints 
[WARN] 2023-06-30 23:51:15.304 --> < , line:0 >   QPainter::setPen: Painter not active 
[WARN] 2023-06-30 23:51:15.304 --> < , line:0 >   QPainter::fillPath: Painter not active 
[WARN] 2023-06-30 23:51:28.036 --> < , line:0 >   QPainter::begin: Paint device returned engine == 0, type: 2 
[WARN] 2023-06-30 23:51:28.036 --> < , line:0 >   QPainter::setRenderHint: Painter must be active to set rendering hints 
[WARN] 2023-06-30 23:51:28.036 --> < , line:0 >   QPainter::setPen: Painter not active 
[WARN] 2023-06-30 23:51:28.036 --> < , line:0 >   QPainter::fillPath: Painter not active 
[WARN] 2023-06-30 23:51:28.051 --> < , line:0 >   QPainter::begin: Paint device returned engine == 0, type: 2 
[WARN] 2023-06-30 23:51:28.051 --> < , line:0 >   QPainter::setRenderHint: Painter must be active to set rendering hints 
[WARN] 2023-06-30 23:51:28.051 --> < , line:0 >   QPainter::setPen: Painter not active 
[WARN] 2023-06-30 23:51:28.051 --> < , line:0 >   QPainter::fillPath: Painter not active 
[ERROR] 2023-06-30 23:51:28.842 --> < QCameraControl.cpp, line:630 >   "Operate Feature Failed; NodeName : ImageCompressionMode;  ErrorCode : ffffffff80000106" 
[ERROR] 2023-06-30 23:51:28.843 --> < QCameraControl.cpp, line:630 >   "Operate Feature Failed; NodeName : ImageCompressionMode;  ErrorCode : ffffffff80000106" 
[WARN] 2023-06-30 23:51:28.858 --> < , line:0 >   QPainter::begin: Paint device returned engine == 0, type: 2 
[WARN] 2023-06-30 23:51:28.858 --> < , line:0 >   QPainter::setRenderHint: Painter must be active to set rendering hints 
[WARN] 2023-06-30 23:51:28.858 --> < , line:0 >   QPainter::setPen: Painter not active 
[WARN] 2023-06-30 23:51:28.858 --> < , line:0 >   QPainter::fillPath: Painter not active 
[WARN] 2023-06-30 23:51:28.866 --> < , line:0 >   QPainter::begin: Paint device returned engine == 0, type: 2 
[WARN] 2023-06-30 23:51:28.866 --> < , line:0 >   QPainter::setRenderHint: Painter must be active to set rendering hints 
[WARN] 2023-06-30 23:51:28.866 --> < , line:0 >   QPainter::setPen: Painter not active 
[WARN] 2023-06-30 23:51:28.866 --> < , line:0 >   QPainter::fillPath: Painter not active 
[WARN] 2023-06-30 23:51:28.873 --> < , line:0 >   QPainter::begin: Paint device returned engine == 0, type: 2 
[WARN] 2023-06-30 23:51:28.873 --> < , line:0 >   QPainter::setRenderHint: Painter must be active to set rendering hints 
[WARN] 2023-06-30 23:51:28.873 --> < , line:0 >   QPainter::setPen: Painter not active 
[WARN] 2023-06-30 23:51:28.873 --> < , line:0 >   QPainter::fillPath: Painter not active 
[WARN] 2023-06-30 23:51:28.874 --> < , line:0 >   QPainter::begin: Paint device returned engine == 0, type: 2 
[WARN] 2023-06-30 23:51:28.874 --> < , line:0 >   QPainter::setRenderHint: Painter must be active to set rendering hints 
[WARN] 2023-06-30 23:51:28.874 --> < , line:0 >   QPainter::setPen: Painter not active 
[WARN] 2023-06-30 23:51:28.874 --> < , line:0 >   QPainter::fillPath: Painter not active 
[WARN] 2023-06-30 23:51:28.874 --> < , line:0 >   QPainter::begin: Paint device returned engine == 0, type: 2 
[WARN] 2023-06-30 23:51:28.874 --> < , line:0 >   QPainter::setRenderHint: Painter must be active to set rendering hints 
[WARN] 2023-06-30 23:51:28.874 --> < , line:0 >   QPainter::setPen: Painter not active 
[WARN] 2023-06-30 23:51:28.874 --> < , line:0 >   QPainter::fillPath: Painter not active 
[WARN] 2023-06-30 23:51:28.874 --> < , line:0 >   QPainter::begin: Paint device returned engine == 0, type: 2 
[WARN] 2023-06-30 23:51:28.875 --> < , line:0 >   QPainter::setRenderHint: Painter must be active to set rendering hints 
[WARN] 2023-06-30 23:51:28.875 --> < , line:0 >   QPainter::setPen: Painter not active 
[WARN] 2023-06-30 23:51:28.875 --> < , line:0 >   QPainter::fillPath: Painter not active 
[WARN] 2023-06-30 23:51:28.875 --> < , line:0 >   QPainter::begin: Paint device returned engine == 0, type: 2 
[WARN] 2023-06-30 23:51:28.875 --> < , line:0 >   QPainter::setRenderHint: Painter must be active to set rendering hints 
[WARN] 2023-06-30 23:51:28.875 --> < , line:0 >   QPainter::setPen: Painter not active 
[WARN] 2023-06-30 23:51:28.875 --> < , line:0 >   QPainter::fillPath: Painter not active 
[ERROR] 2023-06-30 23:51:28.877 --> < QCameraControl.cpp, line:522 >   "Operate Feature Failed; NodeName : LUTIndex;  ErrorCode : ffffffff80000100" 
[ERROR] 2023-06-30 23:51:32.236 --> < QCameraControl.cpp, line:630 >   "Operate Feature Failed; NodeName : ImageCompressionMode;  ErrorCode : ffffffff80000106" 
[ERROR] 2023-06-30 23:51:32.236 --> < QCameraControl.cpp, line:630 >   "Operate Feature Failed; NodeName : ImageCompressionMode;  ErrorCode : ffffffff80000106" 
[ERROR] 2023-06-30 23:51:43.920 --> < QCameraControl.cpp, line:683 >   "Operate Feature Failed; NodeName : ChunkModeActive;  ErrorCode : ffffffff80000100" 
[ERROR] 2023-06-30 23:51:43.924 --> < QCameraControl.cpp, line:522 >   "Operate Feature Failed; NodeName : GevSCPSPacketSize;  ErrorCode : ffffffff80000100" 
[ERROR] 2023-06-30 23:51:44.006 --> < QCameraControl.cpp, line:630 >   "Operate Feature Failed; NodeName : ImageCompressionMode;  ErrorCode : ffffffff80000106" 
[ERROR] 2023-06-30 23:51:44.006 --> < QCameraControl.cpp, line:630 >   "Operate Feature Failed; NodeName : ImageCompressionMode;  ErrorCode : ffffffff80000106" 
